{"/Users/chuanjing.li/Documents/fe-workspace/packages/core-utils/src/array/index.ts": {"path":"/Users/chuanjing.li/Documents/fe-workspace/packages/core-utils/src/array/index.ts","statementMap":{"0":{"start":{"line":10,"column":0},"end":{"line":10,"column":16}},"1":{"start":{"line":21,"column":0},"end":{"line":21,"column":16}},"2":{"start":{"line":41,"column":0},"end":{"line":41,"column":16}},"3":{"start":{"line":64,"column":0},"end":{"line":64,"column":16}},"4":{"start":{"line":79,"column":0},"end":{"line":79,"column":16}},"5":{"start":{"line":95,"column":0},"end":{"line":95,"column":16}},"6":{"start":{"line":105,"column":0},"end":{"line":105,"column":16}},"7":{"start":{"line":115,"column":0},"end":{"line":115,"column":16}},"8":{"start":{"line":125,"column":0},"end":{"line":125,"column":16}},"9":{"start":{"line":135,"column":0},"end":{"line":135,"column":16}},"10":{"start":{"line":150,"column":0},"end":{"line":150,"column":16}},"11":{"start":{"line":161,"column":0},"end":{"line":161,"column":16}},"12":{"start":{"line":174,"column":0},"end":{"line":174,"column":16}},"13":{"start":{"line":191,"column":0},"end":{"line":191,"column":16}},"14":{"start":{"line":11,"column":2},"end":{"line":11,"column":null}},"15":{"start":{"line":11,"column":29},"end":{"line":11,"column":null}},"16":{"start":{"line":12,"column":2},"end":{"line":12,"column":null}},"17":{"start":{"line":22,"column":2},"end":{"line":22,"column":null}},"18":{"start":{"line":22,"column":29},"end":{"line":22,"column":null}},"19":{"start":{"line":24,"column":15},"end":{"line":24,"column":24}},"20":{"start":{"line":25,"column":2},"end":{"line":32,"column":null}},"21":{"start":{"line":26,"column":16},"end":{"line":26,"column":31}},"22":{"start":{"line":27,"column":4},"end":{"line":29,"column":5}},"23":{"start":{"line":28,"column":6},"end":{"line":28,"column":null}},"24":{"start":{"line":30,"column":4},"end":{"line":30,"column":null}},"25":{"start":{"line":31,"column":4},"end":{"line":31,"column":null}},"26":{"start":{"line":42,"column":2},"end":{"line":42,"column":null}},"27":{"start":{"line":42,"column":29},"end":{"line":42,"column":null}},"28":{"start":{"line":44,"column":14},"end":{"line":44,"column":45}},"29":{"start":{"line":45,"column":2},"end":{"line":53,"column":null}},"30":{"start":{"line":46,"column":16},"end":{"line":46,"column":31}},"31":{"start":{"line":47,"column":23},"end":{"line":47,"column":35}},"32":{"start":{"line":48,"column":4},"end":{"line":52,"column":5}},"33":{"start":{"line":49,"column":6},"end":{"line":49,"column":null}},"34":{"start":{"line":51,"column":6},"end":{"line":51,"column":null}},"35":{"start":{"line":55,"column":2},"end":{"line":55,"column":null}},"36":{"start":{"line":65,"column":2},"end":{"line":65,"column":null}},"37":{"start":{"line":65,"column":29},"end":{"line":65,"column":null}},"38":{"start":{"line":67,"column":2},"end":{"line":67,"column":null}},"39":{"start":{"line":67,"column":18},"end":{"line":67,"column":null}},"40":{"start":{"line":69,"column":2},"end":{"line":71,"column":null}},"41":{"start":{"line":70,"column":4},"end":{"line":70,"column":null}},"42":{"start":{"line":80,"column":2},"end":{"line":80,"column":null}},"43":{"start":{"line":80,"column":29},"end":{"line":80,"column":null}},"44":{"start":{"line":82,"column":17},"end":{"line":82,"column":27}},"45":{"start":{"line":83,"column":2},"end":{"line":86,"column":3}},"46":{"start":{"line":83,"column":15},"end":{"line":83,"column":32}},"47":{"start":{"line":84,"column":14},"end":{"line":84,"column":49}},"48":{"start":{"line":85,"column":4},"end":{"line":85,"column":null}},"49":{"start":{"line":87,"column":2},"end":{"line":87,"column":null}},"50":{"start":{"line":96,"column":2},"end":{"line":96,"column":null}},"51":{"start":{"line":96,"column":51},"end":{"line":96,"column":null}},"52":{"start":{"line":97,"column":2},"end":{"line":97,"column":null}},"53":{"start":{"line":106,"column":2},"end":{"line":106,"column":null}},"54":{"start":{"line":106,"column":51},"end":{"line":106,"column":null}},"55":{"start":{"line":107,"column":2},"end":{"line":107,"column":null}},"56":{"start":{"line":116,"column":2},"end":{"line":116,"column":null}},"57":{"start":{"line":116,"column":51},"end":{"line":116,"column":null}},"58":{"start":{"line":117,"column":2},"end":{"line":117,"column":null}},"59":{"start":{"line":117,"column":36},"end":{"line":117,"column":45}},"60":{"start":{"line":126,"column":2},"end":{"line":126,"column":null}},"61":{"start":{"line":126,"column":51},"end":{"line":126,"column":null}},"62":{"start":{"line":127,"column":2},"end":{"line":127,"column":null}},"63":{"start":{"line":136,"column":2},"end":{"line":136,"column":null}},"64":{"start":{"line":136,"column":27},"end":{"line":136,"column":null}},"65":{"start":{"line":137,"column":2},"end":{"line":137,"column":null}},"66":{"start":{"line":137,"column":27},"end":{"line":137,"column":null}},"67":{"start":{"line":139,"column":27},"end":{"line":139,"column":33}},"68":{"start":{"line":140,"column":2},"end":{"line":142,"column":null}},"69":{"start":{"line":141,"column":4},"end":{"line":141,"column":41}},"70":{"start":{"line":141,"column":22},"end":{"line":141,"column":40}},"71":{"start":{"line":151,"column":2},"end":{"line":151,"column":null}},"72":{"start":{"line":151,"column":27},"end":{"line":151,"column":null}},"73":{"start":{"line":152,"column":2},"end":{"line":152,"column":null}},"74":{"start":{"line":162,"column":2},"end":{"line":162,"column":null}},"75":{"start":{"line":162,"column":29},"end":{"line":162,"column":null}},"76":{"start":{"line":164,"column":17},"end":{"line":164,"column":30}},"77":{"start":{"line":165,"column":2},"end":{"line":165,"column":null}},"78":{"start":{"line":165,"column":30},"end":{"line":165,"column":52}},"79":{"start":{"line":175,"column":2},"end":{"line":175,"column":null}},"80":{"start":{"line":175,"column":42},"end":{"line":175,"column":null}},"81":{"start":{"line":177,"column":24},"end":{"line":177,"column":26}},"82":{"start":{"line":178,"column":2},"end":{"line":180,"column":3}},"83":{"start":{"line":178,"column":15},"end":{"line":178,"column":16}},"84":{"start":{"line":179,"column":4},"end":{"line":179,"column":null}},"85":{"start":{"line":181,"column":2},"end":{"line":181,"column":null}},"86":{"start":{"line":198,"column":2},"end":{"line":200,"column":3}},"87":{"start":{"line":199,"column":4},"end":{"line":199,"column":null}},"88":{"start":{"line":202,"column":16},"end":{"line":202,"column":28}},"89":{"start":{"line":203,"column":21},"end":{"line":203,"column":48}},"90":{"start":{"line":204,"column":16},"end":{"line":204,"column":37}},"91":{"start":{"line":205,"column":14},"end":{"line":205,"column":30}},"92":{"start":{"line":206,"column":15},"end":{"line":206,"column":38}},"93":{"start":{"line":208,"column":2},"end":{"line":208,"column":null}}},"fnMap":{"0":{"name":"unique","decl":{"start":{"line":10,"column":16},"end":{"line":10,"column":22}},"loc":{"start":{"line":10,"column":36},"end":{"line":13,"column":1}}},"1":{"name":"uniqueBy","decl":{"start":{"line":21,"column":16},"end":{"line":21,"column":24}},"loc":{"start":{"line":21,"column":67},"end":{"line":33,"column":1}}},"2":{"name":"(anonymous_2)","decl":{"start":{"line":25,"column":22},"end":{"line":25,"column":26}},"loc":{"start":{"line":25,"column":29},"end":{"line":32,"column":3}}},"3":{"name":"groupBy","decl":{"start":{"line":41,"column":16},"end":{"line":41,"column":23}},"loc":{"start":{"line":41,"column":78},"end":{"line":56,"column":1}}},"4":{"name":"(anonymous_4)","decl":{"start":{"line":45,"column":16},"end":{"line":45,"column":20}},"loc":{"start":{"line":45,"column":23},"end":{"line":53,"column":3}}},"5":{"name":"flatten","decl":{"start":{"line":64,"column":16},"end":{"line":64,"column":23}},"loc":{"start":{"line":64,"column":58},"end":{"line":72,"column":1}}},"6":{"name":"(anonymous_6)","decl":{"start":{"line":69,"column":22},"end":{"line":69,"column":23}},"loc":{"start":{"line":69,"column":35},"end":{"line":71,"column":3}}},"7":{"name":"shuffle","decl":{"start":{"line":79,"column":16},"end":{"line":79,"column":23}},"loc":{"start":{"line":79,"column":37},"end":{"line":88,"column":1}}},"8":{"name":"max","decl":{"start":{"line":95,"column":16},"end":{"line":95,"column":19}},"loc":{"start":{"line":95,"column":35},"end":{"line":98,"column":1}}},"9":{"name":"min","decl":{"start":{"line":105,"column":16},"end":{"line":105,"column":19}},"loc":{"start":{"line":105,"column":35},"end":{"line":108,"column":1}}},"10":{"name":"sum","decl":{"start":{"line":115,"column":16},"end":{"line":115,"column":19}},"loc":{"start":{"line":115,"column":35},"end":{"line":118,"column":1}}},"11":{"name":"(anonymous_11)","decl":{"start":{"line":117,"column":22},"end":{"line":117,"column":23}},"loc":{"start":{"line":117,"column":36},"end":{"line":117,"column":45}}},"12":{"name":"average","decl":{"start":{"line":125,"column":16},"end":{"line":125,"column":23}},"loc":{"start":{"line":125,"column":39},"end":{"line":128,"column":1}}},"13":{"name":"intersection","decl":{"start":{"line":135,"column":16},"end":{"line":135,"column":28}},"loc":{"start":{"line":135,"column":48},"end":{"line":143,"column":1}}},"14":{"name":"(anonymous_14)","decl":{"start":{"line":140,"column":22},"end":{"line":140,"column":26}},"loc":{"start":{"line":141,"column":4},"end":{"line":141,"column":41}}},"15":{"name":"(anonymous_15)","decl":{"start":{"line":141,"column":15},"end":{"line":141,"column":18}},"loc":{"start":{"line":141,"column":22},"end":{"line":141,"column":40}}},"16":{"name":"union","decl":{"start":{"line":150,"column":16},"end":{"line":150,"column":21}},"loc":{"start":{"line":150,"column":41},"end":{"line":153,"column":1}}},"17":{"name":"difference","decl":{"start":{"line":161,"column":16},"end":{"line":161,"column":26}},"loc":{"start":{"line":161,"column":58},"end":{"line":166,"column":1}}},"18":{"name":"(anonymous_18)","decl":{"start":{"line":165,"column":22},"end":{"line":165,"column":26}},"loc":{"start":{"line":165,"column":30},"end":{"line":165,"column":52}}},"19":{"name":"chunk","decl":{"start":{"line":174,"column":16},"end":{"line":174,"column":21}},"loc":{"start":{"line":174,"column":49},"end":{"line":182,"column":1}}},"20":{"name":"paginate","decl":{"start":{"line":191,"column":16},"end":{"line":191,"column":24}},"loc":{"start":{"line":191,"column":70},"end":{"line":209,"column":1}}}},"branchMap":{"0":{"loc":{"start":{"line":11,"column":2},"end":{"line":11,"column":null}},"type":"if","locations":[{"start":{"line":11,"column":2},"end":{"line":11,"column":null}},{"start":{},"end":{}}]},"1":{"loc":{"start":{"line":22,"column":2},"end":{"line":22,"column":null}},"type":"if","locations":[{"start":{"line":22,"column":2},"end":{"line":22,"column":null}},{"start":{},"end":{}}]},"2":{"loc":{"start":{"line":27,"column":4},"end":{"line":29,"column":5}},"type":"if","locations":[{"start":{"line":27,"column":4},"end":{"line":29,"column":5}},{"start":{},"end":{}}]},"3":{"loc":{"start":{"line":42,"column":2},"end":{"line":42,"column":null}},"type":"if","locations":[{"start":{"line":42,"column":2},"end":{"line":42,"column":null}},{"start":{},"end":{}}]},"4":{"loc":{"start":{"line":48,"column":4},"end":{"line":52,"column":5}},"type":"if","locations":[{"start":{"line":48,"column":4},"end":{"line":52,"column":5}},{"start":{"line":50,"column":11},"end":{"line":52,"column":5}}]},"5":{"loc":{"start":{"line":64,"column":41},"end":{"line":64,"column":58}},"type":"default-arg","locations":[{"start":{"line":64,"column":57},"end":{"line":64,"column":58}}]},"6":{"loc":{"start":{"line":65,"column":2},"end":{"line":65,"column":null}},"type":"if","locations":[{"start":{"line":65,"column":2},"end":{"line":65,"column":null}},{"start":{},"end":{}}]},"7":{"loc":{"start":{"line":67,"column":2},"end":{"line":67,"column":null}},"type":"if","locations":[{"start":{"line":67,"column":2},"end":{"line":67,"column":null}},{"start":{},"end":{}}]},"8":{"loc":{"start":{"line":70,"column":22},"end":{"line":70,"column":72}},"type":"cond-expr","locations":[{"start":{"line":70,"column":43},"end":{"line":70,"column":66}},{"start":{"line":70,"column":69},"end":{"line":70,"column":72}}]},"9":{"loc":{"start":{"line":80,"column":2},"end":{"line":80,"column":null}},"type":"if","locations":[{"start":{"line":80,"column":2},"end":{"line":80,"column":null}},{"start":{},"end":{}}]},"10":{"loc":{"start":{"line":96,"column":2},"end":{"line":96,"column":null}},"type":"if","locations":[{"start":{"line":96,"column":2},"end":{"line":96,"column":null}},{"start":{},"end":{}}]},"11":{"loc":{"start":{"line":96,"column":6},"end":{"line":96,"column":49}},"type":"binary-expr","locations":[{"start":{"line":96,"column":6},"end":{"line":96,"column":27}},{"start":{"line":96,"column":31},"end":{"line":96,"column":49}}]},"12":{"loc":{"start":{"line":106,"column":2},"end":{"line":106,"column":null}},"type":"if","locations":[{"start":{"line":106,"column":2},"end":{"line":106,"column":null}},{"start":{},"end":{}}]},"13":{"loc":{"start":{"line":106,"column":6},"end":{"line":106,"column":49}},"type":"binary-expr","locations":[{"start":{"line":106,"column":6},"end":{"line":106,"column":27}},{"start":{"line":106,"column":31},"end":{"line":106,"column":49}}]},"14":{"loc":{"start":{"line":116,"column":2},"end":{"line":116,"column":null}},"type":"if","locations":[{"start":{"line":116,"column":2},"end":{"line":116,"column":null}},{"start":{},"end":{}}]},"15":{"loc":{"start":{"line":116,"column":6},"end":{"line":116,"column":49}},"type":"binary-expr","locations":[{"start":{"line":116,"column":6},"end":{"line":116,"column":27}},{"start":{"line":116,"column":31},"end":{"line":116,"column":49}}]},"16":{"loc":{"start":{"line":126,"column":2},"end":{"line":126,"column":null}},"type":"if","locations":[{"start":{"line":126,"column":2},"end":{"line":126,"column":null}},{"start":{},"end":{}}]},"17":{"loc":{"start":{"line":126,"column":6},"end":{"line":126,"column":49}},"type":"binary-expr","locations":[{"start":{"line":126,"column":6},"end":{"line":126,"column":27}},{"start":{"line":126,"column":31},"end":{"line":126,"column":49}}]},"18":{"loc":{"start":{"line":136,"column":2},"end":{"line":136,"column":null}},"type":"if","locations":[{"start":{"line":136,"column":2},"end":{"line":136,"column":null}},{"start":{},"end":{}}]},"19":{"loc":{"start":{"line":137,"column":2},"end":{"line":137,"column":null}},"type":"if","locations":[{"start":{"line":137,"column":2},"end":{"line":137,"column":null}},{"start":{},"end":{}}]},"20":{"loc":{"start":{"line":151,"column":2},"end":{"line":151,"column":null}},"type":"if","locations":[{"start":{"line":151,"column":2},"end":{"line":151,"column":null}},{"start":{},"end":{}}]},"21":{"loc":{"start":{"line":162,"column":2},"end":{"line":162,"column":null}},"type":"if","locations":[{"start":{"line":162,"column":2},"end":{"line":162,"column":null}},{"start":{},"end":{}}]},"22":{"loc":{"start":{"line":175,"column":2},"end":{"line":175,"column":null}},"type":"if","locations":[{"start":{"line":175,"column":2},"end":{"line":175,"column":null}},{"start":{},"end":{}}]},"23":{"loc":{"start":{"line":175,"column":6},"end":{"line":175,"column":40}},"type":"binary-expr","locations":[{"start":{"line":175,"column":6},"end":{"line":175,"column":27}},{"start":{"line":175,"column":31},"end":{"line":175,"column":40}}]},"24":{"loc":{"start":{"line":198,"column":2},"end":{"line":200,"column":3}},"type":"if","locations":[{"start":{"line":198,"column":2},"end":{"line":200,"column":3}},{"start":{},"end":{}}]}},"s":{"0":1,"1":1,"2":1,"3":1,"4":1,"5":1,"6":1,"7":1,"8":1,"9":1,"10":1,"11":1,"12":1,"13":1,"14":5,"15":1,"16":4,"17":1,"18":0,"19":1,"20":1,"21":3,"22":3,"23":1,"24":2,"25":2,"26":1,"27":0,"28":1,"29":1,"30":3,"31":3,"32":3,"33":2,"34":1,"35":1,"36":6,"37":0,"38":6,"39":3,"40":3,"41":7,"42":1,"43":0,"44":1,"45":1,"46":1,"47":4,"48":4,"49":1,"50":2,"51":1,"52":1,"53":1,"54":0,"55":1,"56":3,"57":1,"58":2,"59":10,"60":2,"61":1,"62":1,"63":1,"64":0,"65":1,"66":0,"67":1,"68":1,"69":3,"70":3,"71":1,"72":0,"73":1,"74":1,"75":0,"76":1,"77":1,"78":3,"79":1,"80":0,"81":1,"82":1,"83":1,"84":3,"85":1,"86":1,"87":0,"88":1,"89":1,"90":1,"91":1,"92":1,"93":1},"f":{"0":5,"1":1,"2":3,"3":1,"4":3,"5":6,"6":7,"7":1,"8":2,"9":1,"10":3,"11":10,"12":2,"13":1,"14":3,"15":3,"16":1,"17":1,"18":3,"19":1,"20":1},"b":{"0":[1,4],"1":[0,1],"2":[1,2],"3":[0,1],"4":[2,1],"5":[1],"6":[0,6],"7":[3,3],"8":[4,3],"9":[0,1],"10":[1,1],"11":[2,2],"12":[0,1],"13":[1,1],"14":[1,2],"15":[3,3],"16":[1,1],"17":[2,2],"18":[0,1],"19":[0,1],"20":[0,1],"21":[0,1],"22":[0,1],"23":[1,1],"24":[0,1]}}
,"/Users/chuanjing.li/Documents/fe-workspace/packages/core-utils/src/device/index.ts": {"path":"/Users/chuanjing.li/Documents/fe-workspace/packages/core-utils/src/device/index.ts","statementMap":{"0":{"start":{"line":9,"column":0},"end":{"line":9,"column":16}},"1":{"start":{"line":18,"column":0},"end":{"line":18,"column":16}},"2":{"start":{"line":27,"column":0},"end":{"line":27,"column":16}},"3":{"start":{"line":36,"column":0},"end":{"line":36,"column":16}},"4":{"start":{"line":45,"column":0},"end":{"line":45,"column":16}},"5":{"start":{"line":54,"column":0},"end":{"line":54,"column":16}},"6":{"start":{"line":63,"column":0},"end":{"line":63,"column":16}},"7":{"start":{"line":74,"column":0},"end":{"line":74,"column":16}},"8":{"start":{"line":83,"column":0},"end":{"line":83,"column":16}},"9":{"start":{"line":94,"column":0},"end":{"line":94,"column":16}},"10":{"start":{"line":136,"column":0},"end":{"line":136,"column":16}},"11":{"start":{"line":164,"column":0},"end":{"line":164,"column":16}},"12":{"start":{"line":10,"column":2},"end":{"line":10,"column":null}},"13":{"start":{"line":10,"column":40},"end":{"line":10,"column":null}},"14":{"start":{"line":11,"column":2},"end":{"line":11,"column":null}},"15":{"start":{"line":19,"column":2},"end":{"line":19,"column":null}},"16":{"start":{"line":19,"column":40},"end":{"line":19,"column":null}},"17":{"start":{"line":20,"column":2},"end":{"line":20,"column":null}},"18":{"start":{"line":28,"column":2},"end":{"line":28,"column":null}},"19":{"start":{"line":28,"column":40},"end":{"line":28,"column":null}},"20":{"start":{"line":29,"column":2},"end":{"line":29,"column":null}},"21":{"start":{"line":37,"column":2},"end":{"line":37,"column":null}},"22":{"start":{"line":37,"column":40},"end":{"line":37,"column":null}},"23":{"start":{"line":38,"column":2},"end":{"line":38,"column":null}},"24":{"start":{"line":46,"column":2},"end":{"line":46,"column":null}},"25":{"start":{"line":46,"column":40},"end":{"line":46,"column":null}},"26":{"start":{"line":47,"column":2},"end":{"line":47,"column":null}},"27":{"start":{"line":55,"column":2},"end":{"line":55,"column":null}},"28":{"start":{"line":55,"column":40},"end":{"line":55,"column":null}},"29":{"start":{"line":56,"column":2},"end":{"line":56,"column":null}},"30":{"start":{"line":64,"column":2},"end":{"line":64,"column":null}},"31":{"start":{"line":64,"column":40},"end":{"line":64,"column":null}},"32":{"start":{"line":65,"column":2},"end":{"line":67,"column":null}},"33":{"start":{"line":75,"column":2},"end":{"line":75,"column":null}},"34":{"start":{"line":75,"column":40},"end":{"line":75,"column":null}},"35":{"start":{"line":76,"column":2},"end":{"line":76,"column":null}},"36":{"start":{"line":84,"column":2},"end":{"line":84,"column":null}},"37":{"start":{"line":84,"column":40},"end":{"line":84,"column":null}},"38":{"start":{"line":85,"column":2},"end":{"line":87,"column":null}},"39":{"start":{"line":95,"column":2},"end":{"line":97,"column":3}},"40":{"start":{"line":96,"column":4},"end":{"line":96,"column":null}},"41":{"start":{"line":99,"column":13},"end":{"line":99,"column":46}},"42":{"start":{"line":101,"column":2},"end":{"line":103,"column":3}},"43":{"start":{"line":102,"column":4},"end":{"line":102,"column":null}},"44":{"start":{"line":105,"column":2},"end":{"line":107,"column":3}},"45":{"start":{"line":106,"column":4},"end":{"line":106,"column":null}},"46":{"start":{"line":109,"column":2},"end":{"line":111,"column":3}},"47":{"start":{"line":110,"column":4},"end":{"line":110,"column":null}},"48":{"start":{"line":113,"column":2},"end":{"line":115,"column":3}},"49":{"start":{"line":114,"column":4},"end":{"line":114,"column":null}},"50":{"start":{"line":117,"column":2},"end":{"line":119,"column":3}},"51":{"start":{"line":118,"column":4},"end":{"line":118,"column":null}},"52":{"start":{"line":121,"column":2},"end":{"line":123,"column":3}},"53":{"start":{"line":122,"column":4},"end":{"line":122,"column":null}},"54":{"start":{"line":125,"column":2},"end":{"line":127,"column":3}},"55":{"start":{"line":126,"column":4},"end":{"line":126,"column":null}},"56":{"start":{"line":129,"column":2},"end":{"line":129,"column":null}},"57":{"start":{"line":137,"column":2},"end":{"line":137,"column":null}},"58":{"start":{"line":137,"column":40},"end":{"line":137,"column":null}},"59":{"start":{"line":139,"column":24},"end":{"line":139,"column":33}},"60":{"start":{"line":141,"column":2},"end":{"line":143,"column":3}},"61":{"start":{"line":142,"column":4},"end":{"line":142,"column":null}},"62":{"start":{"line":145,"column":2},"end":{"line":157,"column":3}},"63":{"start":{"line":146,"column":4},"end":{"line":146,"column":null}},"64":{"start":{"line":147,"column":9},"end":{"line":157,"column":3}},"65":{"start":{"line":148,"column":4},"end":{"line":148,"column":null}},"66":{"start":{"line":149,"column":9},"end":{"line":157,"column":3}},"67":{"start":{"line":150,"column":4},"end":{"line":150,"column":null}},"68":{"start":{"line":151,"column":9},"end":{"line":157,"column":3}},"69":{"start":{"line":152,"column":4},"end":{"line":152,"column":null}},"70":{"start":{"line":153,"column":9},"end":{"line":157,"column":3}},"71":{"start":{"line":154,"column":4},"end":{"line":154,"column":null}},"72":{"start":{"line":156,"column":4},"end":{"line":156,"column":null}},"73":{"start":{"line":165,"column":2},"end":{"line":165,"column":null}},"74":{"start":{"line":165,"column":37},"end":{"line":165,"column":null}},"75":{"start":{"line":166,"column":2},"end":{"line":168,"column":null}}},"fnMap":{"0":{"name":"isMobile","decl":{"start":{"line":9,"column":16},"end":{"line":9,"column":24}},"loc":{"start":{"line":9,"column":24},"end":{"line":12,"column":1}}},"1":{"name":"isIOS","decl":{"start":{"line":18,"column":16},"end":{"line":18,"column":21}},"loc":{"start":{"line":18,"column":21},"end":{"line":21,"column":1}}},"2":{"name":"isAndroid","decl":{"start":{"line":27,"column":16},"end":{"line":27,"column":25}},"loc":{"start":{"line":27,"column":25},"end":{"line":30,"column":1}}},"3":{"name":"isWechat","decl":{"start":{"line":36,"column":16},"end":{"line":36,"column":24}},"loc":{"start":{"line":36,"column":24},"end":{"line":39,"column":1}}},"4":{"name":"isWorkWechat","decl":{"start":{"line":45,"column":16},"end":{"line":45,"column":28}},"loc":{"start":{"line":45,"column":28},"end":{"line":48,"column":1}}},"5":{"name":"isAlipay","decl":{"start":{"line":54,"column":16},"end":{"line":54,"column":24}},"loc":{"start":{"line":54,"column":24},"end":{"line":57,"column":1}}},"6":{"name":"isIE","decl":{"start":{"line":63,"column":16},"end":{"line":63,"column":20}},"loc":{"start":{"line":63,"column":20},"end":{"line":68,"column":1}}},"7":{"name":"isEdge","decl":{"start":{"line":74,"column":16},"end":{"line":74,"column":22}},"loc":{"start":{"line":74,"column":22},"end":{"line":77,"column":1}}},"8":{"name":"isChrome","decl":{"start":{"line":83,"column":16},"end":{"line":83,"column":24}},"loc":{"start":{"line":83,"column":24},"end":{"line":88,"column":1}}},"9":{"name":"getBrowserInfo","decl":{"start":{"line":94,"column":16},"end":{"line":94,"column":30}},"loc":{"start":{"line":94,"column":30},"end":{"line":130,"column":1}}},"10":{"name":"getOS","decl":{"start":{"line":136,"column":16},"end":{"line":136,"column":21}},"loc":{"start":{"line":136,"column":21},"end":{"line":158,"column":1}}},"11":{"name":"isTouchDevice","decl":{"start":{"line":164,"column":16},"end":{"line":164,"column":29}},"loc":{"start":{"line":164,"column":29},"end":{"line":169,"column":1}}}},"branchMap":{"0":{"loc":{"start":{"line":10,"column":2},"end":{"line":10,"column":null}},"type":"if","locations":[{"start":{"line":10,"column":2},"end":{"line":10,"column":null}},{"start":{},"end":{}}]},"1":{"loc":{"start":{"line":19,"column":2},"end":{"line":19,"column":null}},"type":"if","locations":[{"start":{"line":19,"column":2},"end":{"line":19,"column":null}},{"start":{},"end":{}}]},"2":{"loc":{"start":{"line":20,"column":9},"end":{"line":20,"column":82}},"type":"binary-expr","locations":[{"start":{"line":20,"column":9},"end":{"line":20,"column":53}},{"start":{"line":20,"column":57},"end":{"line":20,"column":82}}]},"3":{"loc":{"start":{"line":28,"column":2},"end":{"line":28,"column":null}},"type":"if","locations":[{"start":{"line":28,"column":2},"end":{"line":28,"column":null}},{"start":{},"end":{}}]},"4":{"loc":{"start":{"line":37,"column":2},"end":{"line":37,"column":null}},"type":"if","locations":[{"start":{"line":37,"column":2},"end":{"line":37,"column":null}},{"start":{},"end":{}}]},"5":{"loc":{"start":{"line":46,"column":2},"end":{"line":46,"column":null}},"type":"if","locations":[{"start":{"line":46,"column":2},"end":{"line":46,"column":null}},{"start":{},"end":{}}]},"6":{"loc":{"start":{"line":55,"column":2},"end":{"line":55,"column":null}},"type":"if","locations":[{"start":{"line":55,"column":2},"end":{"line":55,"column":null}},{"start":{},"end":{}}]},"7":{"loc":{"start":{"line":64,"column":2},"end":{"line":64,"column":null}},"type":"if","locations":[{"start":{"line":64,"column":2},"end":{"line":64,"column":null}},{"start":{},"end":{}}]},"8":{"loc":{"start":{"line":65,"column":9},"end":{"line":67,"column":34}},"type":"binary-expr","locations":[{"start":{"line":65,"column":9},"end":{"line":65,"column":44}},{"start":{"line":66,"column":9},"end":{"line":66,"column":47}},{"start":{"line":67,"column":9},"end":{"line":67,"column":34}}]},"9":{"loc":{"start":{"line":75,"column":2},"end":{"line":75,"column":null}},"type":"if","locations":[{"start":{"line":75,"column":2},"end":{"line":75,"column":null}},{"start":{},"end":{}}]},"10":{"loc":{"start":{"line":84,"column":2},"end":{"line":84,"column":null}},"type":"if","locations":[{"start":{"line":84,"column":2},"end":{"line":84,"column":null}},{"start":{},"end":{}}]},"11":{"loc":{"start":{"line":85,"column":9},"end":{"line":87,"column":41}},"type":"binary-expr","locations":[{"start":{"line":85,"column":9},"end":{"line":85,"column":43}},{"start":{"line":86,"column":9},"end":{"line":86,"column":42}},{"start":{"line":87,"column":9},"end":{"line":87,"column":41}}]},"12":{"loc":{"start":{"line":95,"column":2},"end":{"line":97,"column":3}},"type":"if","locations":[{"start":{"line":95,"column":2},"end":{"line":97,"column":3}},{"start":{},"end":{}}]},"13":{"loc":{"start":{"line":101,"column":2},"end":{"line":103,"column":3}},"type":"if","locations":[{"start":{"line":101,"column":2},"end":{"line":103,"column":3}},{"start":{},"end":{}}]},"14":{"loc":{"start":{"line":105,"column":2},"end":{"line":107,"column":3}},"type":"if","locations":[{"start":{"line":105,"column":2},"end":{"line":107,"column":3}},{"start":{},"end":{}}]},"15":{"loc":{"start":{"line":109,"column":2},"end":{"line":111,"column":3}},"type":"if","locations":[{"start":{"line":109,"column":2},"end":{"line":111,"column":3}},{"start":{},"end":{}}]},"16":{"loc":{"start":{"line":113,"column":2},"end":{"line":115,"column":3}},"type":"if","locations":[{"start":{"line":113,"column":2},"end":{"line":115,"column":3}},{"start":{},"end":{}}]},"17":{"loc":{"start":{"line":117,"column":2},"end":{"line":119,"column":3}},"type":"if","locations":[{"start":{"line":117,"column":2},"end":{"line":119,"column":3}},{"start":{},"end":{}}]},"18":{"loc":{"start":{"line":121,"column":2},"end":{"line":123,"column":3}},"type":"if","locations":[{"start":{"line":121,"column":2},"end":{"line":123,"column":3}},{"start":{},"end":{}}]},"19":{"loc":{"start":{"line":125,"column":2},"end":{"line":127,"column":3}},"type":"if","locations":[{"start":{"line":125,"column":2},"end":{"line":127,"column":3}},{"start":{},"end":{}}]},"20":{"loc":{"start":{"line":137,"column":2},"end":{"line":137,"column":null}},"type":"if","locations":[{"start":{"line":137,"column":2},"end":{"line":137,"column":null}},{"start":{},"end":{}}]},"21":{"loc":{"start":{"line":141,"column":2},"end":{"line":143,"column":3}},"type":"if","locations":[{"start":{"line":141,"column":2},"end":{"line":143,"column":3}},{"start":{},"end":{}}]},"22":{"loc":{"start":{"line":141,"column":6},"end":{"line":141,"column":51}},"type":"binary-expr","locations":[{"start":{"line":141,"column":6},"end":{"line":141,"column":29}},{"start":{"line":141,"column":33},"end":{"line":141,"column":51}}]},"23":{"loc":{"start":{"line":145,"column":2},"end":{"line":157,"column":3}},"type":"if","locations":[{"start":{"line":145,"column":2},"end":{"line":157,"column":3}},{"start":{"line":147,"column":9},"end":{"line":157,"column":3}}]},"24":{"loc":{"start":{"line":147,"column":9},"end":{"line":157,"column":3}},"type":"if","locations":[{"start":{"line":147,"column":9},"end":{"line":157,"column":3}},{"start":{"line":149,"column":9},"end":{"line":157,"column":3}}]},"25":{"loc":{"start":{"line":149,"column":9},"end":{"line":157,"column":3}},"type":"if","locations":[{"start":{"line":149,"column":9},"end":{"line":157,"column":3}},{"start":{"line":151,"column":9},"end":{"line":157,"column":3}}]},"26":{"loc":{"start":{"line":151,"column":9},"end":{"line":157,"column":3}},"type":"if","locations":[{"start":{"line":151,"column":9},"end":{"line":157,"column":3}},{"start":{"line":153,"column":9},"end":{"line":157,"column":3}}]},"27":{"loc":{"start":{"line":153,"column":9},"end":{"line":157,"column":3}},"type":"if","locations":[{"start":{"line":153,"column":9},"end":{"line":157,"column":3}},{"start":{"line":155,"column":9},"end":{"line":157,"column":3}}]},"28":{"loc":{"start":{"line":165,"column":2},"end":{"line":165,"column":null}},"type":"if","locations":[{"start":{"line":165,"column":2},"end":{"line":165,"column":null}},{"start":{},"end":{}}]},"29":{"loc":{"start":{"line":166,"column":9},"end":{"line":168,"column":48}},"type":"binary-expr","locations":[{"start":{"line":166,"column":9},"end":{"line":166,"column":33}},{"start":{"line":167,"column":9},"end":{"line":167,"column":37}},{"start":{"line":168,"column":10},"end":{"line":168,"column":48}}]}},"s":{"0":1,"1":1,"2":1,"3":1,"4":1,"5":1,"6":1,"7":1,"8":1,"9":1,"10":1,"11":1,"12":3,"13":0,"14":3,"15":2,"16":0,"17":2,"18":1,"19":0,"20":1,"21":1,"22":0,"23":1,"24":1,"25":0,"26":1,"27":1,"28":0,"29":1,"30":1,"31":0,"32":1,"33":1,"34":0,"35":1,"36":1,"37":0,"38":1,"39":1,"40":0,"41":1,"42":1,"43":0,"44":1,"45":0,"46":1,"47":0,"48":1,"49":0,"50":1,"51":1,"52":0,"53":0,"54":0,"55":0,"56":0,"57":2,"58":0,"59":2,"60":2,"61":1,"62":1,"63":1,"64":0,"65":0,"66":0,"67":0,"68":0,"69":0,"70":0,"71":0,"72":0,"73":1,"74":0,"75":1},"f":{"0":3,"1":2,"2":1,"3":1,"4":1,"5":1,"6":1,"7":1,"8":1,"9":1,"10":2,"11":1},"b":{"0":[0,3],"1":[0,2],"2":[2,2],"3":[0,1],"4":[0,1],"5":[0,1],"6":[0,1],"7":[0,1],"8":[1,1,0],"9":[0,1],"10":[0,1],"11":[1,1,1],"12":[0,1],"13":[0,1],"14":[0,1],"15":[0,1],"16":[0,1],"17":[1,0],"18":[0,0],"19":[0,0],"20":[0,2],"21":[1,1],"22":[2,2],"23":[1,0],"24":[0,0],"25":[0,0],"26":[0,0],"27":[0,0],"28":[0,1],"29":[1,0,0]}}
,"/Users/chuanjing.li/Documents/fe-workspace/packages/core-utils/src/dom/index.ts": {"path":"/Users/chuanjing.li/Documents/fe-workspace/packages/core-utils/src/dom/index.ts","statementMap":{"0":{"start":{"line":10,"column":0},"end":{"line":10,"column":16}},"1":{"start":{"line":32,"column":0},"end":{"line":32,"column":16}},"2":{"start":{"line":56,"column":0},"end":{"line":56,"column":16}},"3":{"start":{"line":75,"column":0},"end":{"line":75,"column":16}},"4":{"start":{"line":89,"column":0},"end":{"line":89,"column":16}},"5":{"start":{"line":100,"column":0},"end":{"line":100,"column":16}},"6":{"start":{"line":112,"column":0},"end":{"line":112,"column":16}},"7":{"start":{"line":129,"column":0},"end":{"line":129,"column":16}},"8":{"start":{"line":147,"column":0},"end":{"line":147,"column":16}},"9":{"start":{"line":162,"column":0},"end":{"line":162,"column":16}},"10":{"start":{"line":200,"column":0},"end":{"line":200,"column":16}},"11":{"start":{"line":230,"column":0},"end":{"line":230,"column":16}},"12":{"start":{"line":11,"column":2},"end":{"line":11,"column":17}},"13":{"start":{"line":11,"column":11},"end":{"line":11,"column":17}},"14":{"start":{"line":13,"column":18},"end":{"line":13,"column":32}},"15":{"start":{"line":15,"column":2},"end":{"line":24,"column":3}},"16":{"start":{"line":15,"column":15},"end":{"line":15,"column":16}},"17":{"start":{"line":15,"column":24},"end":{"line":15,"column":38}},"18":{"start":{"line":16,"column":20},"end":{"line":16,"column":30}},"19":{"start":{"line":17,"column":4},"end":{"line":17,"column":26}},"20":{"start":{"line":17,"column":18},"end":{"line":17,"column":26}},"21":{"start":{"line":19,"column":4},"end":{"line":23,"column":5}},"22":{"start":{"line":20,"column":6},"end":{"line":20,"column":null}},"23":{"start":{"line":21,"column":11},"end":{"line":23,"column":5}},"24":{"start":{"line":22,"column":6},"end":{"line":22,"column":null}},"25":{"start":{"line":33,"column":2},"end":{"line":33,"column":25}},"26":{"start":{"line":33,"column":19},"end":{"line":33,"column":25}},"27":{"start":{"line":35,"column":18},"end":{"line":35,"column":32}},"28":{"start":{"line":37,"column":2},"end":{"line":47,"column":3}},"29":{"start":{"line":37,"column":15},"end":{"line":37,"column":16}},"30":{"start":{"line":37,"column":24},"end":{"line":37,"column":38}},"31":{"start":{"line":38,"column":20},"end":{"line":38,"column":30}},"32":{"start":{"line":39,"column":4},"end":{"line":39,"column":26}},"33":{"start":{"line":39,"column":18},"end":{"line":39,"column":26}},"34":{"start":{"line":41,"column":4},"end":{"line":46,"column":5}},"35":{"start":{"line":42,"column":6},"end":{"line":42,"column":null}},"36":{"start":{"line":43,"column":11},"end":{"line":46,"column":5}},"37":{"start":{"line":44,"column":18},"end":{"line":44,"column":61}},"38":{"start":{"line":45,"column":6},"end":{"line":45,"column":null}},"39":{"start":{"line":57,"column":2},"end":{"line":57,"column":null}},"40":{"start":{"line":57,"column":19},"end":{"line":57,"column":null}},"41":{"start":{"line":59,"column":2},"end":{"line":61,"column":3}},"42":{"start":{"line":60,"column":4},"end":{"line":60,"column":null}},"43":{"start":{"line":63,"column":2},"end":{"line":67,"column":3}},"44":{"start":{"line":64,"column":4},"end":{"line":64,"column":null}},"45":{"start":{"line":66,"column":4},"end":{"line":66,"column":null}},"46":{"start":{"line":76,"column":2},"end":{"line":76,"column":25}},"47":{"start":{"line":76,"column":19},"end":{"line":76,"column":25}},"48":{"start":{"line":78,"column":2},"end":{"line":82,"column":3}},"49":{"start":{"line":79,"column":4},"end":{"line":79,"column":null}},"50":{"start":{"line":81,"column":4},"end":{"line":81,"column":null}},"51":{"start":{"line":90,"column":2},"end":{"line":90,"column":null}},"52":{"start":{"line":90,"column":37},"end":{"line":90,"column":null}},"53":{"start":{"line":91,"column":2},"end":{"line":93,"column":null}},"54":{"start":{"line":101,"column":2},"end":{"line":101,"column":null}},"55":{"start":{"line":101,"column":37},"end":{"line":101,"column":null}},"56":{"start":{"line":102,"column":2},"end":{"line":104,"column":null}},"57":{"start":{"line":113,"column":18},"end":{"line":113,"column":30}},"58":{"start":{"line":114,"column":16},"end":{"line":114,"column":53}},"59":{"start":{"line":116,"column":2},"end":{"line":119,"column":3}},"60":{"start":{"line":117,"column":4},"end":{"line":117,"column":null}},"61":{"start":{"line":118,"column":4},"end":{"line":118,"column":null}},"62":{"start":{"line":121,"column":2},"end":{"line":121,"column":null}},"63":{"start":{"line":130,"column":19},"end":{"line":130,"column":32}},"64":{"start":{"line":131,"column":16},"end":{"line":131,"column":53}},"65":{"start":{"line":133,"column":2},"end":{"line":136,"column":3}},"66":{"start":{"line":134,"column":4},"end":{"line":134,"column":null}},"67":{"start":{"line":135,"column":4},"end":{"line":135,"column":null}},"68":{"start":{"line":138,"column":2},"end":{"line":138,"column":null}},"69":{"start":{"line":148,"column":15},"end":{"line":148,"column":41}},"70":{"start":{"line":149,"column":2},"end":{"line":154,"column":null}},"71":{"start":{"line":171,"column":18},"end":{"line":171,"column":74}},"72":{"start":{"line":173,"column":2},"end":{"line":176,"column":3}},"73":{"start":{"line":174,"column":4},"end":{"line":174,"column":null}},"74":{"start":{"line":175,"column":4},"end":{"line":175,"column":10}},"75":{"start":{"line":181,"column":6},"end":{"line":181,"column":13}},"76":{"start":{"line":183,"column":15},"end":{"line":183,"column":46}},"77":{"start":{"line":184,"column":20},"end":{"line":184,"column":76}},"78":{"start":{"line":185,"column":20},"end":{"line":185,"column":49}},"79":{"start":{"line":187,"column":2},"end":{"line":190,"column":null}},"80":{"start":{"line":205,"column":13},"end":{"line":205,"column":44}},"81":{"start":{"line":208,"column":2},"end":{"line":216,"column":null}},"82":{"start":{"line":209,"column":4},"end":{"line":215,"column":5}},"83":{"start":{"line":210,"column":6},"end":{"line":210,"column":null}},"84":{"start":{"line":211,"column":11},"end":{"line":215,"column":5}},"85":{"start":{"line":212,"column":6},"end":{"line":212,"column":null}},"86":{"start":{"line":214,"column":6},"end":{"line":214,"column":null}},"87":{"start":{"line":219,"column":2},"end":{"line":221,"column":3}},"88":{"start":{"line":220,"column":4},"end":{"line":220,"column":null}},"89":{"start":{"line":223,"column":2},"end":{"line":223,"column":null}},"90":{"start":{"line":231,"column":2},"end":{"line":233,"column":3}},"91":{"start":{"line":232,"column":4},"end":{"line":232,"column":null}}},"fnMap":{"0":{"name":"addClass","decl":{"start":{"line":10,"column":16},"end":{"line":10,"column":24}},"loc":{"start":{"line":10,"column":49},"end":{"line":25,"column":1}}},"1":{"name":"removeClass","decl":{"start":{"line":32,"column":16},"end":{"line":32,"column":27}},"loc":{"start":{"line":32,"column":52},"end":{"line":48,"column":1}}},"2":{"name":"hasClass","decl":{"start":{"line":56,"column":16},"end":{"line":56,"column":24}},"loc":{"start":{"line":56,"column":49},"end":{"line":68,"column":1}}},"3":{"name":"toggleClass","decl":{"start":{"line":75,"column":16},"end":{"line":75,"column":27}},"loc":{"start":{"line":75,"column":52},"end":{"line":83,"column":1}}},"4":{"name":"getScrollTop","decl":{"start":{"line":89,"column":16},"end":{"line":89,"column":28}},"loc":{"start":{"line":89,"column":28},"end":{"line":94,"column":1}}},"5":{"name":"getScrollLeft","decl":{"start":{"line":100,"column":16},"end":{"line":100,"column":29}},"loc":{"start":{"line":100,"column":29},"end":{"line":105,"column":1}}},"6":{"name":"getElementTop","decl":{"start":{"line":112,"column":16},"end":{"line":112,"column":29}},"loc":{"start":{"line":112,"column":45},"end":{"line":122,"column":1}}},"7":{"name":"getElementLeft","decl":{"start":{"line":129,"column":16},"end":{"line":129,"column":30}},"loc":{"start":{"line":129,"column":46},"end":{"line":139,"column":1}}},"8":{"name":"isInViewport","decl":{"start":{"line":147,"column":16},"end":{"line":147,"column":28}},"loc":{"start":{"line":147,"column":60},"end":{"line":155,"column":1}}},"9":{"name":"scrollToElement","decl":{"start":{"line":162,"column":16},"end":{"line":162,"column":31}},"loc":{"start":{"line":169,"column":8},"end":{"line":191,"column":1}}},"10":{"name":"createElement","decl":{"start":{"line":200,"column":16},"end":{"line":200,"column":29}},"loc":{"start":{"line":203,"column":26},"end":{"line":224,"column":1}}},"11":{"name":"(anonymous_11)","decl":{"start":{"line":208,"column":34},"end":{"line":208,"column":37}},"loc":{"start":{"line":208,"column":40},"end":{"line":216,"column":3}}},"12":{"name":"removeElement","decl":{"start":{"line":230,"column":16},"end":{"line":230,"column":29}},"loc":{"start":{"line":230,"column":41},"end":{"line":234,"column":1}}}},"branchMap":{"0":{"loc":{"start":{"line":11,"column":2},"end":{"line":11,"column":17}},"type":"if","locations":[{"start":{"line":11,"column":2},"end":{"line":11,"column":17}},{"start":{},"end":{}}]},"1":{"loc":{"start":{"line":17,"column":4},"end":{"line":17,"column":26}},"type":"if","locations":[{"start":{"line":17,"column":4},"end":{"line":17,"column":26}},{"start":{},"end":{}}]},"2":{"loc":{"start":{"line":19,"column":4},"end":{"line":23,"column":5}},"type":"if","locations":[{"start":{"line":19,"column":4},"end":{"line":23,"column":5}},{"start":{"line":21,"column":11},"end":{"line":23,"column":5}}]},"3":{"loc":{"start":{"line":21,"column":11},"end":{"line":23,"column":5}},"type":"if","locations":[{"start":{"line":21,"column":11},"end":{"line":23,"column":5}},{"start":{},"end":{}}]},"4":{"loc":{"start":{"line":33,"column":2},"end":{"line":33,"column":25}},"type":"if","locations":[{"start":{"line":33,"column":2},"end":{"line":33,"column":25}},{"start":{},"end":{}}]},"5":{"loc":{"start":{"line":33,"column":6},"end":{"line":33,"column":17}},"type":"binary-expr","locations":[{"start":{"line":33,"column":6},"end":{"line":33,"column":9}},{"start":{"line":33,"column":13},"end":{"line":33,"column":17}}]},"6":{"loc":{"start":{"line":39,"column":4},"end":{"line":39,"column":26}},"type":"if","locations":[{"start":{"line":39,"column":4},"end":{"line":39,"column":26}},{"start":{},"end":{}}]},"7":{"loc":{"start":{"line":41,"column":4},"end":{"line":46,"column":5}},"type":"if","locations":[{"start":{"line":41,"column":4},"end":{"line":46,"column":5}},{"start":{"line":43,"column":11},"end":{"line":46,"column":5}}]},"8":{"loc":{"start":{"line":43,"column":11},"end":{"line":46,"column":5}},"type":"if","locations":[{"start":{"line":43,"column":11},"end":{"line":46,"column":5}},{"start":{},"end":{}}]},"9":{"loc":{"start":{"line":57,"column":2},"end":{"line":57,"column":null}},"type":"if","locations":[{"start":{"line":57,"column":2},"end":{"line":57,"column":null}},{"start":{},"end":{}}]},"10":{"loc":{"start":{"line":57,"column":6},"end":{"line":57,"column":17}},"type":"binary-expr","locations":[{"start":{"line":57,"column":6},"end":{"line":57,"column":9}},{"start":{"line":57,"column":13},"end":{"line":57,"column":17}}]},"11":{"loc":{"start":{"line":59,"column":2},"end":{"line":61,"column":3}},"type":"if","locations":[{"start":{"line":59,"column":2},"end":{"line":61,"column":3}},{"start":{},"end":{}}]},"12":{"loc":{"start":{"line":63,"column":2},"end":{"line":67,"column":3}},"type":"if","locations":[{"start":{"line":63,"column":2},"end":{"line":67,"column":3}},{"start":{"line":65,"column":9},"end":{"line":67,"column":3}}]},"13":{"loc":{"start":{"line":76,"column":2},"end":{"line":76,"column":25}},"type":"if","locations":[{"start":{"line":76,"column":2},"end":{"line":76,"column":25}},{"start":{},"end":{}}]},"14":{"loc":{"start":{"line":76,"column":6},"end":{"line":76,"column":17}},"type":"binary-expr","locations":[{"start":{"line":76,"column":6},"end":{"line":76,"column":9}},{"start":{"line":76,"column":13},"end":{"line":76,"column":17}}]},"15":{"loc":{"start":{"line":78,"column":2},"end":{"line":82,"column":3}},"type":"if","locations":[{"start":{"line":78,"column":2},"end":{"line":82,"column":3}},{"start":{"line":80,"column":9},"end":{"line":82,"column":3}}]},"16":{"loc":{"start":{"line":90,"column":2},"end":{"line":90,"column":null}},"type":"if","locations":[{"start":{"line":90,"column":2},"end":{"line":90,"column":null}},{"start":{},"end":{}}]},"17":{"loc":{"start":{"line":91,"column":9},"end":{"line":93,"column":37}},"type":"binary-expr","locations":[{"start":{"line":91,"column":9},"end":{"line":91,"column":27}},{"start":{"line":92,"column":9},"end":{"line":92,"column":43}},{"start":{"line":93,"column":9},"end":{"line":93,"column":32}},{"start":{"line":93,"column":36},"end":{"line":93,"column":37}}]},"18":{"loc":{"start":{"line":101,"column":2},"end":{"line":101,"column":null}},"type":"if","locations":[{"start":{"line":101,"column":2},"end":{"line":101,"column":null}},{"start":{},"end":{}}]},"19":{"loc":{"start":{"line":102,"column":9},"end":{"line":104,"column":38}},"type":"binary-expr","locations":[{"start":{"line":102,"column":9},"end":{"line":102,"column":27}},{"start":{"line":103,"column":9},"end":{"line":103,"column":44}},{"start":{"line":104,"column":9},"end":{"line":104,"column":33}},{"start":{"line":104,"column":37},"end":{"line":104,"column":38}}]},"20":{"loc":{"start":{"line":147,"column":42},"end":{"line":147,"column":60}},"type":"default-arg","locations":[{"start":{"line":147,"column":59},"end":{"line":147,"column":60}}]},"21":{"loc":{"start":{"line":150,"column":4},"end":{"line":153,"column":86}},"type":"binary-expr","locations":[{"start":{"line":150,"column":4},"end":{"line":150,"column":23}},{"start":{"line":151,"column":4},"end":{"line":151,"column":24}},{"start":{"line":152,"column":4},"end":{"line":152,"column":89}},{"start":{"line":153,"column":4},"end":{"line":153,"column":86}}]},"22":{"loc":{"start":{"line":152,"column":20},"end":{"line":152,"column":79}},"type":"binary-expr","locations":[{"start":{"line":152,"column":20},"end":{"line":152,"column":38}},{"start":{"line":152,"column":42},"end":{"line":152,"column":79}}]},"23":{"loc":{"start":{"line":153,"column":19},"end":{"line":153,"column":76}},"type":"binary-expr","locations":[{"start":{"line":153,"column":19},"end":{"line":153,"column":36}},{"start":{"line":153,"column":40},"end":{"line":153,"column":76}}]},"24":{"loc":{"start":{"line":164,"column":2},"end":{"line":169,"column":8}},"type":"default-arg","locations":[{"start":{"line":169,"column":6},"end":{"line":169,"column":8}}]},"25":{"loc":{"start":{"line":171,"column":18},"end":{"line":171,"column":74}},"type":"cond-expr","locations":[{"start":{"line":171,"column":43},"end":{"line":171,"column":69}},{"start":{"line":171,"column":72},"end":{"line":171,"column":74}}]},"26":{"loc":{"start":{"line":173,"column":2},"end":{"line":176,"column":3}},"type":"if","locations":[{"start":{"line":173,"column":2},"end":{"line":176,"column":3}},{"start":{},"end":{}}]},"27":{"loc":{"start":{"line":179,"column":4},"end":{"line":179,"column":23}},"type":"default-arg","locations":[{"start":{"line":179,"column":15},"end":{"line":179,"column":23}}]},"28":{"loc":{"start":{"line":180,"column":4},"end":{"line":180,"column":14}},"type":"default-arg","locations":[{"start":{"line":180,"column":13},"end":{"line":180,"column":14}}]},"29":{"loc":{"start":{"line":184,"column":20},"end":{"line":184,"column":76}},"type":"binary-expr","locations":[{"start":{"line":184,"column":20},"end":{"line":184,"column":38}},{"start":{"line":184,"column":42},"end":{"line":184,"column":76}}]},"30":{"loc":{"start":{"line":202,"column":2},"end":{"line":202,"column":38}},"type":"default-arg","locations":[{"start":{"line":202,"column":36},"end":{"line":202,"column":38}}]},"31":{"loc":{"start":{"line":203,"column":2},"end":{"line":203,"column":26}},"type":"default-arg","locations":[{"start":{"line":203,"column":24},"end":{"line":203,"column":26}}]},"32":{"loc":{"start":{"line":209,"column":4},"end":{"line":215,"column":5}},"type":"if","locations":[{"start":{"line":209,"column":4},"end":{"line":215,"column":5}},{"start":{"line":211,"column":11},"end":{"line":215,"column":5}}]},"33":{"loc":{"start":{"line":211,"column":11},"end":{"line":215,"column":5}},"type":"if","locations":[{"start":{"line":211,"column":11},"end":{"line":215,"column":5}},{"start":{"line":213,"column":11},"end":{"line":215,"column":5}}]},"34":{"loc":{"start":{"line":219,"column":2},"end":{"line":221,"column":3}},"type":"if","locations":[{"start":{"line":219,"column":2},"end":{"line":221,"column":3}},{"start":{},"end":{}}]},"35":{"loc":{"start":{"line":231,"column":2},"end":{"line":233,"column":3}},"type":"if","locations":[{"start":{"line":231,"column":2},"end":{"line":233,"column":3}},{"start":{},"end":{}}]},"36":{"loc":{"start":{"line":231,"column":6},"end":{"line":231,"column":25}},"type":"binary-expr","locations":[{"start":{"line":231,"column":6},"end":{"line":231,"column":8}},{"start":{"line":231,"column":12},"end":{"line":231,"column":25}}]}},"s":{"0":1,"1":1,"2":1,"3":1,"4":1,"5":1,"6":1,"7":1,"8":1,"9":1,"10":1,"11":1,"12":3,"13":0,"14":3,"15":3,"16":3,"17":3,"18":4,"19":4,"20":0,"21":4,"22":4,"23":0,"24":0,"25":2,"26":0,"27":2,"28":2,"29":2,"30":2,"31":2,"32":2,"33":0,"34":2,"35":2,"36":0,"37":0,"38":0,"39":6,"40":0,"41":6,"42":0,"43":6,"44":6,"45":0,"46":2,"47":0,"48":2,"49":1,"50":1,"51":1,"52":0,"53":1,"54":1,"55":0,"56":1,"57":1,"58":1,"59":1,"60":0,"61":0,"62":1,"63":1,"64":1,"65":1,"66":0,"67":0,"68":1,"69":1,"70":1,"71":1,"72":1,"73":0,"74":0,"75":1,"76":1,"77":1,"78":1,"79":1,"80":1,"81":1,"82":2,"83":1,"84":1,"85":0,"86":1,"87":1,"88":1,"89":1,"90":1,"91":1},"f":{"0":3,"1":2,"2":6,"3":2,"4":1,"5":1,"6":1,"7":1,"8":1,"9":1,"10":1,"11":2,"12":1},"b":{"0":[0,3],"1":[0,4],"2":[4,0],"3":[0,0],"4":[0,2],"5":[2,2],"6":[0,2],"7":[2,0],"8":[0,0],"9":[0,6],"10":[6,6],"11":[0,6],"12":[6,0],"13":[0,2],"14":[2,2],"15":[1,1],"16":[0,1],"17":[1,1,1,1],"18":[0,1],"19":[1,1,1,1],"20":[1],"21":[1,1,1,1],"22":[1,0],"23":[1,0],"24":[1],"25":[0,1],"26":[0,1],"27":[1],"28":[1],"29":[1,1],"30":[0],"31":[0],"32":[1,1],"33":[0,1],"34":[1,0],"35":[1,0],"36":[1,1]}}
,"/Users/chuanjing.li/Documents/fe-workspace/packages/core-utils/src/event/index.ts": {"path":"/Users/chuanjing.li/Documents/fe-workspace/packages/core-utils/src/event/index.ts","statementMap":{"0":{"start":{"line":100,"column":0},"end":{"line":100,"column":16}},"1":{"start":{"line":115,"column":0},"end":{"line":115,"column":16}},"2":{"start":{"line":136,"column":0},"end":{"line":136,"column":16}},"3":{"start":{"line":164,"column":0},"end":{"line":164,"column":16}},"4":{"start":{"line":15,"column":10},"end":{"line":15,"column":null}},"5":{"start":{"line":24,"column":4},"end":{"line":26,"column":5}},"6":{"start":{"line":25,"column":6},"end":{"line":25,"column":null}},"7":{"start":{"line":27,"column":4},"end":{"line":27,"column":null}},"8":{"start":{"line":30,"column":4},"end":{"line":30,"column":null}},"9":{"start":{"line":30,"column":17},"end":{"line":30,"column":42}},"10":{"start":{"line":39,"column":4},"end":{"line":41,"column":5}},"11":{"start":{"line":40,"column":6},"end":{"line":40,"column":null}},"12":{"start":{"line":40,"column":45},"end":{"line":40,"column":59}},"13":{"start":{"line":50,"column":4},"end":{"line":50,"column":35}},"14":{"start":{"line":50,"column":29},"end":{"line":50,"column":35}},"15":{"start":{"line":52,"column":4},"end":{"line":60,"column":5}},"16":{"start":{"line":53,"column":20},"end":{"line":53,"column":56}},"17":{"start":{"line":54,"column":6},"end":{"line":56,"column":7}},"18":{"start":{"line":55,"column":8},"end":{"line":55,"column":null}},"19":{"start":{"line":59,"column":6},"end":{"line":59,"column":null}},"20":{"start":{"line":69,"column":24},"end":{"line":72,"column":5}},"21":{"start":{"line":70,"column":6},"end":{"line":70,"column":null}},"22":{"start":{"line":71,"column":6},"end":{"line":71,"column":null}},"23":{"start":{"line":73,"column":4},"end":{"line":73,"column":null}},"24":{"start":{"line":80,"column":4},"end":{"line":80,"column":null}},"25":{"start":{"line":87,"column":4},"end":{"line":87,"column":null}},"26":{"start":{"line":14,"column":0},"end":{"line":14,"column":13}},"27":{"start":{"line":101,"column":2},"end":{"line":101,"column":null}},"28":{"start":{"line":107,"column":13},"end":{"line":107,"column":null}},"29":{"start":{"line":120,"column":16},"end":{"line":124,"column":4}},"30":{"start":{"line":125,"column":2},"end":{"line":125,"column":null}},"31":{"start":{"line":142,"column":19},"end":{"line":148,"column":3}},"32":{"start":{"line":143,"column":19},"end":{"line":143,"column":46}},"33":{"start":{"line":144,"column":20},"end":{"line":144,"column":59}},"34":{"start":{"line":145,"column":4},"end":{"line":147,"column":5}},"35":{"start":{"line":146,"column":6},"end":{"line":146,"column":null}},"36":{"start":{"line":150,"column":2},"end":{"line":150,"column":null}},"37":{"start":{"line":152,"column":2},"end":{"line":154,"column":null}},"38":{"start":{"line":153,"column":4},"end":{"line":153,"column":null}},"39":{"start":{"line":169,"column":2},"end":{"line":185,"column":null}},"40":{"start":{"line":170,"column":20},"end":{"line":174,"column":5}},"41":{"start":{"line":171,"column":6},"end":{"line":171,"column":null}},"42":{"start":{"line":172,"column":6},"end":{"line":172,"column":null}},"43":{"start":{"line":172,"column":17},"end":{"line":172,"column":null}},"44":{"start":{"line":173,"column":6},"end":{"line":173,"column":null}},"45":{"start":{"line":176,"column":4},"end":{"line":176,"column":null}},"46":{"start":{"line":179,"column":4},"end":{"line":184,"column":5}},"47":{"start":{"line":180,"column":6},"end":{"line":183,"column":null}},"48":{"start":{"line":181,"column":8},"end":{"line":181,"column":null}},"49":{"start":{"line":182,"column":8},"end":{"line":182,"column":null}}},"fnMap":{"0":{"name":"(anonymous_0)","decl":{"start":{"line":14,"column":0},"end":{"line":14,"column":13}},"loc":{"start":{"line":14,"column":0},"end":{"line":89,"column":1}}},"1":{"name":"(anonymous_1)","decl":{"start":{"line":23,"column":2},"end":{"line":23,"column":4}},"loc":{"start":{"line":23,"column":43},"end":{"line":31,"column":3}}},"2":{"name":"(anonymous_2)","decl":{"start":{"line":30,"column":11},"end":{"line":30,"column":14}},"loc":{"start":{"line":30,"column":17},"end":{"line":30,"column":42}}},"3":{"name":"(anonymous_3)","decl":{"start":{"line":38,"column":2},"end":{"line":38,"column":6}},"loc":{"start":{"line":38,"column":32},"end":{"line":42,"column":3}}},"4":{"name":"(anonymous_4)","decl":{"start":{"line":40,"column":33},"end":{"line":40,"column":41}},"loc":{"start":{"line":40,"column":45},"end":{"line":40,"column":59}}},"5":{"name":"(anonymous_5)","decl":{"start":{"line":49,"column":2},"end":{"line":49,"column":5}},"loc":{"start":{"line":49,"column":45},"end":{"line":61,"column":3}}},"6":{"name":"(anonymous_6)","decl":{"start":{"line":68,"column":2},"end":{"line":68,"column":6}},"loc":{"start":{"line":68,"column":45},"end":{"line":74,"column":3}}},"7":{"name":"(anonymous_7)","decl":{"start":{"line":69,"column":24},"end":{"line":69,"column":25}},"loc":{"start":{"line":69,"column":39},"end":{"line":72,"column":5}}},"8":{"name":"(anonymous_8)","decl":{"start":{"line":79,"column":2},"end":{"line":79,"column":7}},"loc":{"start":{"line":79,"column":7},"end":{"line":81,"column":3}}},"9":{"name":"(anonymous_9)","decl":{"start":{"line":86,"column":2},"end":{"line":86,"column":15}},"loc":{"start":{"line":86,"column":29},"end":{"line":88,"column":3}}},"10":{"name":"createEventBus","decl":{"start":{"line":100,"column":16},"end":{"line":100,"column":30}},"loc":{"start":{"line":100,"column":30},"end":{"line":102,"column":1}}},"11":{"name":"dispatchCustomEvent","decl":{"start":{"line":115,"column":16},"end":{"line":115,"column":35}},"loc":{"start":{"line":118,"column":14},"end":{"line":126,"column":1}}},"12":{"name":"delegate","decl":{"start":{"line":136,"column":16},"end":{"line":136,"column":24}},"loc":{"start":{"line":140,"column":54},"end":{"line":155,"column":1}}},"13":{"name":"(anonymous_13)","decl":{"start":{"line":142,"column":19},"end":{"line":142,"column":20}},"loc":{"start":{"line":142,"column":36},"end":{"line":148,"column":3}}},"14":{"name":"(anonymous_14)","decl":{"start":{"line":152,"column":9},"end":{"line":152,"column":12}},"loc":{"start":{"line":152,"column":14},"end":{"line":154,"column":3}}},"15":{"name":"waitForEvent","decl":{"start":{"line":164,"column":16},"end":{"line":164,"column":28}},"loc":{"start":{"line":167,"column":18},"end":{"line":186,"column":1}}},"16":{"name":"(anonymous_16)","decl":{"start":{"line":169,"column":21},"end":{"line":169,"column":22}},"loc":{"start":{"line":169,"column":41},"end":{"line":185,"column":3}}},"17":{"name":"(anonymous_17)","decl":{"start":{"line":170,"column":20},"end":{"line":170,"column":21}},"loc":{"start":{"line":170,"column":37},"end":{"line":174,"column":5}}},"18":{"name":"(anonymous_18)","decl":{"start":{"line":180,"column":32},"end":{"line":180,"column":35}},"loc":{"start":{"line":180,"column":37},"end":{"line":183,"column":7}}}},"branchMap":{"0":{"loc":{"start":{"line":24,"column":4},"end":{"line":26,"column":5}},"type":"if","locations":[{"start":{"line":24,"column":4},"end":{"line":26,"column":5}},{"start":{},"end":{}}]},"1":{"loc":{"start":{"line":39,"column":4},"end":{"line":41,"column":5}},"type":"if","locations":[{"start":{"line":39,"column":4},"end":{"line":41,"column":5}},{"start":{},"end":{}}]},"2":{"loc":{"start":{"line":50,"column":4},"end":{"line":50,"column":35}},"type":"if","locations":[{"start":{"line":50,"column":4},"end":{"line":50,"column":35}},{"start":{},"end":{}}]},"3":{"loc":{"start":{"line":52,"column":4},"end":{"line":60,"column":5}},"type":"if","locations":[{"start":{"line":52,"column":4},"end":{"line":60,"column":5}},{"start":{"line":57,"column":11},"end":{"line":60,"column":5}}]},"4":{"loc":{"start":{"line":54,"column":6},"end":{"line":56,"column":7}},"type":"if","locations":[{"start":{"line":54,"column":6},"end":{"line":56,"column":7}},{"start":{},"end":{}}]},"5":{"loc":{"start":{"line":87,"column":11},"end":{"line":87,"column":42}},"type":"binary-expr","locations":[{"start":{"line":87,"column":11},"end":{"line":87,"column":37}},{"start":{"line":87,"column":41},"end":{"line":87,"column":42}}]},"6":{"loc":{"start":{"line":87,"column":11},"end":{"line":87,"column":37}},"type":"cond-expr","locations":[{"start":{"line":87,"column":29},"end":{"line":87,"column":31}},{"start":{"line":87,"column":29},"end":{"line":87,"column":37}}]},"7":{"loc":{"start":{"line":87,"column":11},"end":{"line":87,"column":31}},"type":"binary-expr","locations":[{"start":{"line":87,"column":11},"end":{"line":87,"column":31}},{"start":{"line":87,"column":29},"end":{"line":87,"column":31}}]},"8":{"loc":{"start":{"line":145,"column":4},"end":{"line":147,"column":5}},"type":"if","locations":[{"start":{"line":145,"column":4},"end":{"line":147,"column":5}},{"start":{},"end":{}}]},"9":{"loc":{"start":{"line":145,"column":8},"end":{"line":145,"column":43}},"type":"binary-expr","locations":[{"start":{"line":145,"column":8},"end":{"line":145,"column":15}},{"start":{"line":145,"column":19},"end":{"line":145,"column":43}}]},"10":{"loc":{"start":{"line":172,"column":6},"end":{"line":172,"column":null}},"type":"if","locations":[{"start":{"line":172,"column":6},"end":{"line":172,"column":null}},{"start":{},"end":{}}]},"11":{"loc":{"start":{"line":179,"column":4},"end":{"line":184,"column":5}},"type":"if","locations":[{"start":{"line":179,"column":4},"end":{"line":184,"column":5}},{"start":{},"end":{}}]}},"s":{"0":1,"1":1,"2":1,"3":1,"4":10,"5":13,"6":11,"7":13,"8":13,"9":1,"10":10,"11":8,"12":6,"13":3,"14":0,"15":3,"16":3,"17":3,"18":3,"19":0,"20":1,"21":1,"22":1,"23":1,"24":2,"25":2,"26":1,"27":2,"28":1,"29":1,"30":1,"31":2,"32":1,"33":1,"34":1,"35":1,"36":2,"37":2,"38":2,"39":2,"40":2,"41":1,"42":1,"43":0,"44":1,"45":2,"46":2,"47":1,"48":1,"49":1},"f":{"0":10,"1":13,"2":1,"3":10,"4":6,"5":3,"6":1,"7":1,"8":2,"9":2,"10":2,"11":1,"12":2,"13":1,"14":2,"15":2,"16":2,"17":1,"18":1},"b":{"0":[11,2],"1":[8,2],"2":[0,3],"3":[3,0],"4":[3,0],"5":[2,1],"6":[1,1],"7":[2,2],"8":[1,0],"9":[1,1],"10":[0,1],"11":[1,1]}}
,"/Users/chuanjing.li/Documents/fe-workspace/packages/core-utils/src/format/index.ts": {"path":"/Users/chuanjing.li/Documents/fe-workspace/packages/core-utils/src/format/index.ts","statementMap":{"0":{"start":{"line":11,"column":0},"end":{"line":11,"column":16}},"1":{"start":{"line":25,"column":0},"end":{"line":25,"column":16}},"2":{"start":{"line":45,"column":0},"end":{"line":45,"column":16}},"3":{"start":{"line":74,"column":0},"end":{"line":74,"column":16}},"4":{"start":{"line":93,"column":0},"end":{"line":93,"column":16}},"5":{"start":{"line":105,"column":0},"end":{"line":105,"column":16}},"6":{"start":{"line":124,"column":0},"end":{"line":124,"column":16}},"7":{"start":{"line":141,"column":0},"end":{"line":141,"column":16}},"8":{"start":{"line":12,"column":2},"end":{"line":12,"column":null}},"9":{"start":{"line":12,"column":14},"end":{"line":12,"column":null}},"10":{"start":{"line":13,"column":18},"end":{"line":13,"column":42}},"11":{"start":{"line":14,"column":2},"end":{"line":14,"column":null}},"12":{"start":{"line":30,"column":2},"end":{"line":30,"column":null}},"13":{"start":{"line":30,"column":47},"end":{"line":30,"column":null}},"14":{"start":{"line":32,"column":14},"end":{"line":32,"column":40}},"15":{"start":{"line":33,"column":2},"end":{"line":33,"column":null}},"16":{"start":{"line":33,"column":18},"end":{"line":33,"column":null}},"17":{"start":{"line":35,"column":2},"end":{"line":35,"column":null}},"18":{"start":{"line":46,"column":2},"end":{"line":46,"column":null}},"19":{"start":{"line":46,"column":13},"end":{"line":46,"column":null}},"20":{"start":{"line":48,"column":12},"end":{"line":48,"column":26}},"21":{"start":{"line":49,"column":2},"end":{"line":49,"column":null}},"22":{"start":{"line":49,"column":26},"end":{"line":49,"column":null}},"23":{"start":{"line":51,"column":15},"end":{"line":51,"column":30}},"24":{"start":{"line":52,"column":16},"end":{"line":52,"column":57}},"25":{"start":{"line":53,"column":14},"end":{"line":53,"column":50}},"26":{"start":{"line":54,"column":16},"end":{"line":54,"column":53}},"27":{"start":{"line":55,"column":18},"end":{"line":55,"column":57}},"28":{"start":{"line":56,"column":18},"end":{"line":56,"column":57}},"29":{"start":{"line":58,"column":2},"end":{"line":64,"column":null}},"30":{"start":{"line":75,"column":2},"end":{"line":75,"column":null}},"31":{"start":{"line":75,"column":19},"end":{"line":75,"column":null}},"32":{"start":{"line":77,"column":12},"end":{"line":77,"column":16}},"33":{"start":{"line":78,"column":13},"end":{"line":78,"column":40}},"34":{"start":{"line":79,"column":16},"end":{"line":79,"column":49}},"35":{"start":{"line":81,"column":12},"end":{"line":81,"column":53}},"36":{"start":{"line":83,"column":16},"end":{"line":83,"column":52}},"37":{"start":{"line":84,"column":2},"end":{"line":84,"column":null}},"38":{"start":{"line":94,"column":2},"end":{"line":94,"column":null}},"39":{"start":{"line":94,"column":19},"end":{"line":94,"column":null}},"40":{"start":{"line":95,"column":18},"end":{"line":95,"column":47}},"41":{"start":{"line":96,"column":2},"end":{"line":96,"column":null}},"42":{"start":{"line":106,"column":2},"end":{"line":106,"column":null}},"43":{"start":{"line":106,"column":15},"end":{"line":106,"column":null}},"44":{"start":{"line":107,"column":2},"end":{"line":109,"column":3}},"45":{"start":{"line":108,"column":4},"end":{"line":108,"column":null}},"46":{"start":{"line":110,"column":2},"end":{"line":112,"column":3}},"47":{"start":{"line":111,"column":4},"end":{"line":111,"column":null}},"48":{"start":{"line":113,"column":2},"end":{"line":113,"column":null}},"49":{"start":{"line":129,"column":2},"end":{"line":129,"column":null}},"50":{"start":{"line":129,"column":45},"end":{"line":129,"column":null}},"51":{"start":{"line":130,"column":14},"end":{"line":130,"column":45}},"52":{"start":{"line":131,"column":2},"end":{"line":131,"column":null}},"53":{"start":{"line":142,"column":2},"end":{"line":142,"column":null}},"54":{"start":{"line":142,"column":41},"end":{"line":142,"column":null}},"55":{"start":{"line":144,"column":17},"end":{"line":144,"column":40}},"56":{"start":{"line":145,"column":2},"end":{"line":145,"column":null}},"57":{"start":{"line":145,"column":21},"end":{"line":145,"column":null}},"58":{"start":{"line":147,"column":20},"end":{"line":147,"column":86}},"59":{"start":{"line":148,"column":2},"end":{"line":148,"column":null}}},"fnMap":{"0":{"name":"formatPhone","decl":{"start":{"line":11,"column":16},"end":{"line":11,"column":27}},"loc":{"start":{"line":11,"column":41},"end":{"line":15,"column":1}}},"1":{"name":"formatCurrency","decl":{"start":{"line":25,"column":16},"end":{"line":25,"column":30}},"loc":{"start":{"line":28,"column":24},"end":{"line":36,"column":1}}},"2":{"name":"formatDate","decl":{"start":{"line":45,"column":16},"end":{"line":45,"column":26}},"loc":{"start":{"line":45,"column":77},"end":{"line":65,"column":1}}},"3":{"name":"formatFileSize","decl":{"start":{"line":74,"column":16},"end":{"line":74,"column":30}},"loc":{"start":{"line":74,"column":66},"end":{"line":85,"column":1}}},"4":{"name":"formatBankCard","decl":{"start":{"line":93,"column":16},"end":{"line":93,"column":30}},"loc":{"start":{"line":93,"column":49},"end":{"line":97,"column":1}}},"5":{"name":"formatIdCard","decl":{"start":{"line":105,"column":16},"end":{"line":105,"column":28}},"loc":{"start":{"line":105,"column":43},"end":{"line":114,"column":1}}},"6":{"name":"formatPercent","decl":{"start":{"line":124,"column":16},"end":{"line":124,"column":29}},"loc":{"start":{"line":127,"column":27},"end":{"line":132,"column":1}}},"7":{"name":"formatNumber","decl":{"start":{"line":141,"column":16},"end":{"line":141,"column":28}},"loc":{"start":{"line":141,"column":68},"end":{"line":149,"column":1}}}},"branchMap":{"0":{"loc":{"start":{"line":12,"column":2},"end":{"line":12,"column":null}},"type":"if","locations":[{"start":{"line":12,"column":2},"end":{"line":12,"column":null}},{"start":{},"end":{}}]},"1":{"loc":{"start":{"line":27,"column":2},"end":{"line":27,"column":22}},"type":"default-arg","locations":[{"start":{"line":27,"column":21},"end":{"line":27,"column":22}}]},"2":{"loc":{"start":{"line":28,"column":2},"end":{"line":28,"column":24}},"type":"default-arg","locations":[{"start":{"line":28,"column":21},"end":{"line":28,"column":24}}]},"3":{"loc":{"start":{"line":30,"column":2},"end":{"line":30,"column":null}},"type":"if","locations":[{"start":{"line":30,"column":2},"end":{"line":30,"column":null}},{"start":{},"end":{}}]},"4":{"loc":{"start":{"line":30,"column":6},"end":{"line":30,"column":45}},"type":"binary-expr","locations":[{"start":{"line":30,"column":6},"end":{"line":30,"column":21}},{"start":{"line":30,"column":25},"end":{"line":30,"column":45}}]},"5":{"loc":{"start":{"line":33,"column":2},"end":{"line":33,"column":null}},"type":"if","locations":[{"start":{"line":33,"column":2},"end":{"line":33,"column":null}},{"start":{},"end":{}}]},"6":{"loc":{"start":{"line":45,"column":48},"end":{"line":45,"column":77}},"type":"default-arg","locations":[{"start":{"line":45,"column":65},"end":{"line":45,"column":77}}]},"7":{"loc":{"start":{"line":46,"column":2},"end":{"line":46,"column":null}},"type":"if","locations":[{"start":{"line":46,"column":2},"end":{"line":46,"column":null}},{"start":{},"end":{}}]},"8":{"loc":{"start":{"line":49,"column":2},"end":{"line":49,"column":null}},"type":"if","locations":[{"start":{"line":49,"column":2},"end":{"line":49,"column":null}},{"start":{},"end":{}}]},"9":{"loc":{"start":{"line":74,"column":46},"end":{"line":74,"column":66}},"type":"default-arg","locations":[{"start":{"line":74,"column":65},"end":{"line":74,"column":66}}]},"10":{"loc":{"start":{"line":75,"column":2},"end":{"line":75,"column":null}},"type":"if","locations":[{"start":{"line":75,"column":2},"end":{"line":75,"column":null}},{"start":{},"end":{}}]},"11":{"loc":{"start":{"line":78,"column":13},"end":{"line":78,"column":40}},"type":"cond-expr","locations":[{"start":{"line":78,"column":28},"end":{"line":78,"column":29}},{"start":{"line":78,"column":32},"end":{"line":78,"column":40}}]},"12":{"loc":{"start":{"line":94,"column":2},"end":{"line":94,"column":null}},"type":"if","locations":[{"start":{"line":94,"column":2},"end":{"line":94,"column":null}},{"start":{},"end":{}}]},"13":{"loc":{"start":{"line":106,"column":2},"end":{"line":106,"column":null}},"type":"if","locations":[{"start":{"line":106,"column":2},"end":{"line":106,"column":null}},{"start":{},"end":{}}]},"14":{"loc":{"start":{"line":107,"column":2},"end":{"line":109,"column":3}},"type":"if","locations":[{"start":{"line":107,"column":2},"end":{"line":109,"column":3}},{"start":{},"end":{}}]},"15":{"loc":{"start":{"line":110,"column":2},"end":{"line":112,"column":3}},"type":"if","locations":[{"start":{"line":110,"column":2},"end":{"line":112,"column":3}},{"start":{},"end":{}}]},"16":{"loc":{"start":{"line":126,"column":2},"end":{"line":126,"column":22}},"type":"default-arg","locations":[{"start":{"line":126,"column":21},"end":{"line":126,"column":22}}]},"17":{"loc":{"start":{"line":127,"column":2},"end":{"line":127,"column":27}},"type":"default-arg","locations":[{"start":{"line":127,"column":23},"end":{"line":127,"column":27}}]},"18":{"loc":{"start":{"line":129,"column":2},"end":{"line":129,"column":null}},"type":"if","locations":[{"start":{"line":129,"column":2},"end":{"line":129,"column":null}},{"start":{},"end":{}}]},"19":{"loc":{"start":{"line":129,"column":6},"end":{"line":129,"column":43}},"type":"binary-expr","locations":[{"start":{"line":129,"column":6},"end":{"line":129,"column":20}},{"start":{"line":129,"column":24},"end":{"line":129,"column":43}}]},"20":{"loc":{"start":{"line":130,"column":14},"end":{"line":130,"column":45}},"type":"cond-expr","locations":[{"start":{"line":130,"column":26},"end":{"line":130,"column":37}},{"start":{"line":130,"column":40},"end":{"line":130,"column":45}}]},"21":{"loc":{"start":{"line":142,"column":2},"end":{"line":142,"column":null}},"type":"if","locations":[{"start":{"line":142,"column":2},"end":{"line":142,"column":null}},{"start":{},"end":{}}]},"22":{"loc":{"start":{"line":142,"column":6},"end":{"line":142,"column":39}},"type":"binary-expr","locations":[{"start":{"line":142,"column":6},"end":{"line":142,"column":18}},{"start":{"line":142,"column":22},"end":{"line":142,"column":39}}]},"23":{"loc":{"start":{"line":145,"column":2},"end":{"line":145,"column":null}},"type":"if","locations":[{"start":{"line":145,"column":2},"end":{"line":145,"column":null}},{"start":{},"end":{}}]},"24":{"loc":{"start":{"line":147,"column":20},"end":{"line":147,"column":86}},"type":"cond-expr","locations":[{"start":{"line":147,"column":45},"end":{"line":147,"column":69}},{"start":{"line":147,"column":72},"end":{"line":147,"column":86}}]}},"s":{"0":1,"1":1,"2":1,"3":1,"4":1,"5":1,"6":1,"7":1,"8":6,"9":2,"10":4,"11":4,"12":11,"13":2,"14":9,"15":9,"16":1,"17":8,"18":8,"19":1,"20":7,"21":7,"22":1,"23":6,"24":6,"25":6,"26":6,"27":6,"28":6,"29":6,"30":8,"31":1,"32":7,"33":7,"34":7,"35":7,"36":7,"37":7,"38":4,"39":1,"40":3,"41":3,"42":4,"43":1,"44":3,"45":1,"46":2,"47":1,"48":1,"49":9,"50":2,"51":7,"52":7,"53":11,"54":2,"55":9,"56":9,"57":1,"58":8,"59":8},"f":{"0":6,"1":11,"2":8,"3":8,"4":4,"5":4,"6":9,"7":11},"b":{"0":[2,4],"1":[7],"2":[9],"3":[2,9],"4":[11,10],"5":[1,8],"6":[4],"7":[1,7],"8":[1,6],"9":[6],"10":[1,7],"11":[0,7],"12":[1,3],"13":[1,3],"14":[1,2],"15":[1,1],"16":[5],"17":[7],"18":[2,7],"19":[9,8],"20":[5,2],"21":[2,9],"22":[11,10],"23":[1,8],"24":[2,6]}}
,"/Users/chuanjing.li/Documents/fe-workspace/packages/core-utils/src/http/index.ts": {"path":"/Users/chuanjing.li/Documents/fe-workspace/packages/core-utils/src/http/index.ts","statementMap":{"0":{"start":{"line":256,"column":0},"end":{"line":256,"column":16}},"1":{"start":{"line":25,"column":4},"end":{"line":34,"column":null}},"2":{"start":{"line":41,"column":20},"end":{"line":41,"column":81}},"3":{"start":{"line":43,"column":4},"end":{"line":43,"column":null}},"4":{"start":{"line":43,"column":17},"end":{"line":43,"column":null}},"5":{"start":{"line":45,"column":24},"end":{"line":48,"column":16}},"6":{"start":{"line":46,"column":21},"end":{"line":46,"column":70}},"7":{"start":{"line":47,"column":18},"end":{"line":47,"column":81}},"8":{"start":{"line":50,"column":4},"end":{"line":50,"column":null}},"9":{"start":{"line":58,"column":18},"end":{"line":58,"column":33}},"10":{"start":{"line":59,"column":4},"end":{"line":64,"column":5}},"11":{"start":{"line":60,"column":6},"end":{"line":63,"column":null}},"12":{"start":{"line":67,"column":4},"end":{"line":69,"column":5}},"13":{"start":{"line":68,"column":6},"end":{"line":68,"column":null}},"14":{"start":{"line":70,"column":4},"end":{"line":72,"column":5}},"15":{"start":{"line":71,"column":6},"end":{"line":71,"column":null}},"16":{"start":{"line":74,"column":4},"end":{"line":74,"column":null}},"17":{"start":{"line":81,"column":4},"end":{"line":84,"column":5}},"18":{"start":{"line":82,"column":6},"end":{"line":82,"column":null}},"19":{"start":{"line":83,"column":6},"end":{"line":83,"column":null}},"20":{"start":{"line":86,"column":24},"end":{"line":86,"column":60}},"21":{"start":{"line":87,"column":4},"end":{"line":97,"column":5}},"22":{"start":{"line":88,"column":19},"end":{"line":88,"column":40}},"23":{"start":{"line":91,"column":6},"end":{"line":94,"column":7}},"24":{"start":{"line":92,"column":8},"end":{"line":92,"column":null}},"25":{"start":{"line":93,"column":8},"end":{"line":93,"column":null}},"26":{"start":{"line":96,"column":6},"end":{"line":96,"column":null}},"27":{"start":{"line":99,"column":4},"end":{"line":99,"column":null}},"28":{"start":{"line":106,"column":4},"end":{"line":108,"column":5}},"29":{"start":{"line":107,"column":6},"end":{"line":107,"column":null}},"30":{"start":{"line":109,"column":4},"end":{"line":109,"column":null}},"31":{"start":{"line":116,"column":19},"end":{"line":116,"column":34}},"32":{"start":{"line":118,"column":4},"end":{"line":138,"column":5}},"33":{"start":{"line":121,"column":8},"end":{"line":125,"column":9}},"34":{"start":{"line":122,"column":10},"end":{"line":122,"column":null}},"35":{"start":{"line":124,"column":10},"end":{"line":124,"column":null}},"36":{"start":{"line":126,"column":8},"end":{"line":126,"column":13}},"37":{"start":{"line":128,"column":8},"end":{"line":128,"column":null}},"38":{"start":{"line":129,"column":8},"end":{"line":129,"column":13}},"39":{"start":{"line":131,"column":8},"end":{"line":131,"column":null}},"40":{"start":{"line":132,"column":8},"end":{"line":132,"column":13}},"41":{"start":{"line":134,"column":8},"end":{"line":134,"column":null}},"42":{"start":{"line":135,"column":8},"end":{"line":135,"column":13}},"43":{"start":{"line":137,"column":8},"end":{"line":137,"column":null}},"44":{"start":{"line":145,"column":4},"end":{"line":145,"column":null}},"45":{"start":{"line":151,"column":24},"end":{"line":194,"column":null}},"46":{"start":{"line":153,"column":19},"end":{"line":153,"column":51}},"47":{"start":{"line":156,"column":20},"end":{"line":156,"column":53}},"48":{"start":{"line":159,"column":37},"end":{"line":168,"column":null}},"49":{"start":{"line":171,"column":20},"end":{"line":171,"column":58}},"50":{"start":{"line":172,"column":23},"end":{"line":172,"column":44}},"51":{"start":{"line":173,"column":22},"end":{"line":173,"column":67}},"52":{"start":{"line":173,"column":39},"end":{"line":173,"column":57}},"53":{"start":{"line":175,"column":4},"end":{"line":193,"column":5}},"54":{"start":{"line":176,"column":23},"end":{"line":178,"column":null}},"55":{"start":{"line":181,"column":6},"end":{"line":181,"column":null}},"56":{"start":{"line":184,"column":6},"end":{"line":184,"column":null}},"57":{"start":{"line":186,"column":6},"end":{"line":186,"column":null}},"58":{"start":{"line":188,"column":6},"end":{"line":190,"column":7}},"59":{"start":{"line":189,"column":8},"end":{"line":189,"column":null}},"60":{"start":{"line":192,"column":6},"end":{"line":192,"column":null}},"61":{"start":{"line":200,"column":4},"end":{"line":204,"column":null}},"62":{"start":{"line":211,"column":4},"end":{"line":215,"column":null}},"63":{"start":{"line":222,"column":4},"end":{"line":226,"column":null}},"64":{"start":{"line":233,"column":4},"end":{"line":236,"column":null}},"65":{"start":{"line":243,"column":4},"end":{"line":247,"column":null}},"66":{"start":{"line":21,"column":0},"end":{"line":21,"column":13}},"67":{"start":{"line":257,"column":2},"end":{"line":257,"column":null}},"68":{"start":{"line":263,"column":13},"end":{"line":263,"column":null}}},"fnMap":{"0":{"name":"(anonymous_7)","decl":{"start":{"line":24,"column":2},"end":{"line":24,"column":14}},"loc":{"start":{"line":24,"column":40},"end":{"line":35,"column":3}}},"1":{"name":"(anonymous_8)","decl":{"start":{"line":40,"column":10},"end":{"line":40,"column":18}},"loc":{"start":{"line":40,"column":60},"end":{"line":51,"column":3}}},"2":{"name":"(anonymous_9)","decl":{"start":{"line":46,"column":14},"end":{"line":46,"column":17}},"loc":{"start":{"line":46,"column":21},"end":{"line":46,"column":70}}},"3":{"name":"(anonymous_10)","decl":{"start":{"line":47,"column":11},"end":{"line":47,"column":14}},"loc":{"start":{"line":47,"column":18},"end":{"line":47,"column":81}}},"4":{"name":"(anonymous_11)","decl":{"start":{"line":56,"column":10},"end":{"line":56,"column":28}},"loc":{"start":{"line":56,"column":51},"end":{"line":75,"column":3}}},"5":{"name":"(anonymous_12)","decl":{"start":{"line":80,"column":16},"end":{"line":80,"column":35}},"loc":{"start":{"line":80,"column":54},"end":{"line":100,"column":null}}},"6":{"name":"(anonymous_14)","decl":{"start":{"line":105,"column":10},"end":{"line":105,"column":18}},"loc":{"start":{"line":105,"column":18},"end":{"line":110,"column":3}}},"7":{"name":"(anonymous_15)","decl":{"start":{"line":115,"column":16},"end":{"line":115,"column":27}},"loc":{"start":{"line":115,"column":46},"end":{"line":139,"column":null}}},"8":{"name":"(anonymous_17)","decl":{"start":{"line":144,"column":10},"end":{"line":144,"column":29}},"loc":{"start":{"line":144,"column":40},"end":{"line":146,"column":3}}},"9":{"name":"(anonymous_18)","decl":{"start":{"line":151,"column":16},"end":{"line":151,"column":23}},"loc":{"start":{"line":151,"column":23},"end":{"line":194,"column":null}}},"10":{"name":"(anonymous_19)","decl":{"start":{"line":151,"column":24},"end":{"line":151,"column":35}},"loc":{"start":{"line":151,"column":65},"end":{"line":194,"column":3}}},"11":{"name":"(anonymous_20)","decl":{"start":{"line":173,"column":33},"end":{"line":173,"column":36}},"loc":{"start":{"line":173,"column":39},"end":{"line":173,"column":57}}},"12":{"name":"(anonymous_21)","decl":{"start":{"line":199,"column":2},"end":{"line":199,"column":5}},"loc":{"start":{"line":199,"column":82},"end":{"line":205,"column":3}}},"13":{"name":"(anonymous_22)","decl":{"start":{"line":210,"column":2},"end":{"line":210,"column":6}},"loc":{"start":{"line":210,"column":65},"end":{"line":216,"column":3}}},"14":{"name":"(anonymous_23)","decl":{"start":{"line":221,"column":2},"end":{"line":221,"column":5}},"loc":{"start":{"line":221,"column":64},"end":{"line":227,"column":3}}},"15":{"name":"(anonymous_24)","decl":{"start":{"line":232,"column":2},"end":{"line":232,"column":8}},"loc":{"start":{"line":232,"column":55},"end":{"line":237,"column":3}}},"16":{"name":"(anonymous_25)","decl":{"start":{"line":242,"column":2},"end":{"line":242,"column":7}},"loc":{"start":{"line":242,"column":66},"end":{"line":248,"column":3}}},"17":{"name":"createHttpClient","decl":{"start":{"line":256,"column":16},"end":{"line":256,"column":32}},"loc":{"start":{"line":256,"column":55},"end":{"line":258,"column":1}}}},"branchMap":{"0":{"loc":{"start":{"line":24,"column":14},"end":{"line":24,"column":40}},"type":"default-arg","locations":[{"start":{"line":24,"column":38},"end":{"line":24,"column":40}}]},"1":{"loc":{"start":{"line":26,"column":15},"end":{"line":26,"column":35}},"type":"binary-expr","locations":[{"start":{"line":26,"column":15},"end":{"line":26,"column":29}},{"start":{"line":26,"column":33},"end":{"line":26,"column":35}}]},"2":{"loc":{"start":{"line":27,"column":15},"end":{"line":27,"column":38}},"type":"binary-expr","locations":[{"start":{"line":27,"column":15},"end":{"line":27,"column":29}},{"start":{"line":27,"column":33},"end":{"line":27,"column":38}}]},"3":{"loc":{"start":{"line":32,"column":19},"end":{"line":32,"column":54}},"type":"binary-expr","locations":[{"start":{
[...]
,"/Users/chuanjing.li/Documents/fe-workspace/packages/core-utils/src/validation/index.ts": {"path":"/Users/chuanjing.li/Documents/fe-workspace/packages/core-utils/src/validation/index.ts","statementMap":{"0":{"start":{"line":10,"column":0},"end":{"line":10,"column":16}},"1":{"start":{"line":20,"column":0},"end":{"line":20,"column":16}},"2":{"start":{"line":30,"column":0},"end":{"line":30,"column":16}},"3":{"start":{"line":40,"column":0},"end":{"line":40,"column":16}},"4":{"start":{"line":51,"column":0},"end":{"line":51,"column":16}},"5":{"start":{"line":60,"column":0},"end":{"line":60,"column":16}},"6":{"start":{"line":69,"column":0},"end":{"line":69,"column":16}},"7":{"start":{"line":97,"column":0},"end":{"line":97,"column":16}},"8":{"start":{"line":122,"column":0},"end":{"line":122,"column":16}},"9":{"start":{"line":148,"column":0},"end":{"line":148,"column":16}},"10":{"start":{"line":158,"column":0},"end":{"line":158,"column":16}},"11":{"start":{"line":167,"column":0},"end":{"line":167,"column":16}},"12":{"start":{"line":177,"column":0},"end":{"line":177,"column":16}},"13":{"start":{"line":187,"column":0},"end":{"line":187,"column":16}},"14":{"start":{"line":197,"column":0},"end":{"line":197,"column":16}},"15":{"start":{"line":209,"column":0},"end":{"line":209,"column":16}},"16":{"start":{"line":220,"column":0},"end":{"line":220,"column":16}},"17":{"start":{"line":230,"column":0},"end":{"line":230,"column":16}},"18":{"start":{"line":243,"column":0},"end":{"line":243,"column":16}},"19":{"start":{"line":11,"column":2},"end":{"line":11,"column":null}},"20":{"start":{"line":11,"column":14},"end":{"line":11,"column":null}},"21":{"start":{"line":12,"column":2},"end":{"line":12,"column":null}},"22":{"start":{"line":21,"column":2},"end":{"line":21,"column":null}},"23":{"start":{"line":21,"column":14},"end":{"line":21,"column":null}},"24":{"start":{"line":22,"column":2},"end":{"line":22,"column":null}},"25":{"start":{"line":31,"column":2},"end":{"line":31,"column":null}},"26":{"start":{"line":31,"column":15},"end":{"line":31,"column":null}},"27":{"start":{"line":32,"column":2},"end":{"line":32,"column":null}},"28":{"start":{"line":41,"column":2},"end":{"line":41,"column":null}},"29":{"start":{"line":41,"column":12},"end":{"line":41,"column":null}},"30":{"start":{"line":42,"column":14},"end":{"line":42,"column":330}},"31":{"start":{"line":43,"column":2},"end":{"line":43,"column":null}},"32":{"start":{"line":52,"column":2},"end":{"line":52,"column":null}},"33":{"start":{"line":61,"column":2},"end":{"line":61,"column":null}},"34":{"start":{"line":70,"column":2},"end":{"line":72,"column":3}},"35":{"start":{"line":71,"column":4},"end":{"line":71,"column":null}},"36":{"start":{"line":74,"column":2},"end":{"line":76,"column":3}},"37":{"start":{"line":75,"column":4},"end":{"line":75,"column":null}},"38":{"start":{"line":78,"column":2},"end":{"line":80,"column":3}},"39":{"start":{"line":79,"column":4},"end":{"line":79,"column":null}},"40":{"start":{"line":82,"column":20},"end":{"line":82,"column":45}},"41":{"start":{"line":83,"column":20},"end":{"line":83,"column":39}},"42":{"start":{"line":85,"column":2},"end":{"line":87,"column":3}},"43":{"start":{"line":86,"column":4},"end":{"line":86,"column":null}},"44":{"start":{"line":89,"column":2},"end":{"line":89,"column":null}},"45":{"start":{"line":98,"column":2},"end":{"line":100,"column":3}},"46":{"start":{"line":99,"column":4},"end":{"line":99,"column":null}},"47":{"start":{"line":102,"column":2},"end":{"line":104,"column":3}},"48":{"start":{"line":103,"column":4},"end":{"line":103,"column":null}},"49":{"start":{"line":106,"column":2},"end":{"line":108,"column":3}},"50":{"start":{"line":107,"column":4},"end":{"line":107,"column":null}},"51":{"start":{"line":110,"column":2},"end":{"line":112,"column":3}},"52":{"start":{"line":111,"column":4},"end":{"line":111,"column":null}},"53":{"start":{"line":114,"column":2},"end":{"line":114,"column":null}},"54":{"start":{"line":123,"column":2},"end":{"line":123,"column":null}},"55":{"start":{"line":123,"column":19},"end":{"line":123,"column":null}},"56":{"start":{"line":125,"column":15},"end":{"line":125,"column":44}},"57":{"start":{"line":126,"column":2},"end":{"line":126,"column":null}},"58":{"start":{"line":126,"column":33},"end":{"line":126,"column":null}},"59":{"start":{"line":128,"column":12},"end":{"line":128,"column":13}},"60":{"start":{"line":129,"column":17},"end":{"line":129,"column":32}},"61":{"start":{"line":131,"column":2},"end":{"line":138,"column":3}},"62":{"start":{"line":131,"column":15},"end":{"line":131,"column":16}},"63":{"start":{"line":132,"column":16},"end":{"line":132,"column":40}},"64":{"start":{"line":133,"column":4},"end":{"line":136,"column":5}},"65":{"start":{"line":134,"column":6},"end":{"line":134,"column":null}},"66":{"start":{"line":135,"column":6},"end":{"line":135,"column":null}},"67":{"start":{"line":135,"column":21},"end":{"line":135,"column":null}},"68":{"start":{"line":137,"column":4},"end":{"line":137,"column":null}},"69":{"start":{"line":140,"column":2},"end":{"line":140,"column":null}},"70":{"start":{"line":149,"column":2},"end":{"line":149,"column":null}},"71":{"start":{"line":149,"column":12},"end":{"line":149,"column":null}},"72":{"start":{"line":150,"column":2},"end":{"line":150,"column":null}},"73":{"start":{"line":159,"column":2},"end":{"line":159,"column":null}},"74":{"start":{"line":168,"column":2},"end":{"line":168,"column":null}},"75":{"start":{"line":168,"column":13},"end":{"line":168,"column":null}},"76":{"start":{"line":169,"column":2},"end":{"line":169,"column":null}},"77":{"start":{"line":178,"column":2},"end":{"line":178,"column":null}},"78":{"start":{"line":178,"column":16},"end":{"line":178,"column":null}},"79":{"start":{"line":179,"column":2},"end":{"line":179,"column":null}},"80":{"start":{"line":188,"column":2},"end":{"line":188,"column":null}},"81":{"start":{"line":188,"column":14},"end":{"line":188,"column":null}},"82":{"start":{"line":189,"column":2},"end":{"line":189,"column":null}},"83":{"start":{"line":198,"column":2},"end":{"line":198,"column":null}},"84":{"start":{"line":198,"column":14},"end":{"line":198,"column":null}},"85":{"start":{"line":199,"column":14},"end":{"line":199,"column":27}},"86":{"start":{"line":200,"column":2},"end":{"line":200,"column":null}},"87":{"start":{"line":210,"column":2},"end":{"line":210,"column":null}},"88":{"start":{"line":210,"column":45},"end":{"line":210,"column":null}},"89":{"start":{"line":211,"column":2},"end":{"line":211,"column":null}},"90":{"start":{"line":221,"column":2},"end":{"line":221,"column":null}},"91":{"start":{"line":221,"column":45},"end":{"line":221,"column":null}},"92":{"start":{"line":222,"column":2},"end":{"line":222,"column":null}},"93":{"start":{"line":231,"column":2},"end":{"line":231,"column":null}},"94":{"start":{"line":231,"column":45},"end":{"line":231,"column":null}},"95":{"start":{"line":232,"column":2},"end":{"line":232,"column":null}},"96":{"start":{"line":232,"column":33},"end":{"line":232,"column":null}},"97":{"start":{"line":233,"column":2},"end":{"line":233,"column":null}},"98":{"start":{"line":233,"column":28},"end":{"line":233,"column":null}},"99":{"start":{"line":234,"column":2},"end":{"line":234,"column":null}},"100":{"start":{"line":244,"column":2},"end":{"line":244,"column":null}},"101":{"start":{"line":244,"column":14},"end":{"line":244,"column":null}},"102":{"start":{"line":245,"column":2},"end":{"line":245,"column":null}}},"fnMap":{"0":{"name":"isPhone","decl":{"start":{"line":10,"column":16},"end":{"line":10,"column":23}},"loc":{"start":{"line":10,"column":37},"end":{"line":13,"column":1}}},"1":{"name":"isEmail","decl":{"start":{"line":20,"column":16},"end":{"line":20,"column":23}},"loc":{"start":{"line":20,"column":37},"end":{"line":23,"column":1}}},"2":{"name":"isIdCard","decl":{"start":{"line":30,"column":16},"end":{"line":30,"column":24}},"loc":{"start":{"line":30,"column":39},"end":{"line":33,"column":1}}},"3":{"name":"isURL","decl":{"start":{"line":40,"column":16},"end":{"line":40,"column":21}},"loc":{"start":{"line":40,"column":33},"end":{"line":44,"column":1}}},"4":{"name":"isString","decl":{"start":{"line":51,"column":16},"end":{"line":51,"column":24}},"loc":{"start":{"line":51,"column":33},"end":{"line":53,"column":1}}},"5":{"name":"isArray","decl":{"start":{"line":60,"column":16},"end":{"line":60,"column":23}},"loc":{"start":{"line":60,"column":32},"end":{"line":62,"column":1}}},"6":{"name":"validatePassword","decl":{"start":{"line":69,"column":16},"end":{"line":69,"column":32}},"loc":{"start":{"line":69,"column":49},"end":{"line":90,"column":1}}},"7":{"name":"validateUsername","decl":{"start":{"line":97,"column":16},"end":{"line":97,"column":32}},"loc":{"start":{"line":97,"column":49},"end":{"line":115,"column":1}}},"8":{"name":"validateBankCard","decl":{"start":{"line":122,"column":16},"end":{"line":122,"column":32}},"loc":{"start":{"line":122,"column":51},"end":{"line":141,"column":1}}},"9":{"name":"isChinese","decl":{"start":{"line":148,"column":16},"end":{"line":148,"column":25}},"loc":{"start":{"line":148,"column":37},"end":{"line":151,"column":1}}},"10":{"name":"isInteger","decl":{"start":{"line":158,"column":16},"end":{"line":158,"column":25}},"loc":{"start":{"line":158,"column":36},"end":{"line":160,"column":1}}},"11":{"name":"isCreditCode","decl":{"start":{"line":167,"column":16},"end":{"line":167,"column":28}},"loc":{"start":{"line":167,"column":41},"end":{"line":170,"column":1}}},"12":{"name":"isCaptcha","decl":{"start":{"line":177,"column":16},"end":{"line":177,"column":25}},"loc":{"start":{"line":177,"column":41},"end":{"line":180,"column":1}}},"13":{"name":"isNumber","decl":{"start":{"line":187,"column":16},"end":{"line":187,"column":24}},"loc":{"start":{"line":187,"column":35},"end":{"line":190,"column":1}}},"14":{"name":"isPositive","decl":{"start":{"line":197,"column":16},"end":{"line":197,"column":26}},"loc":{"start":{"line":197,"column":37},"end":{"line":201,"column":1}}},"15":{"name":"minLength","decl":{"start":{"line":209,"column":16},"end":{"line":209,"column":25}},"loc":{"start":{"line":209,"column":49},"end":{"line":212,"column":1}}},"16":{"name":"maxLength","decl":{"start":{"line":220,"column":16},"end":{"line":220,"column":25}},"loc":{"start":{"line":220,"column":49},"end":{"line":223,"column":1}}},"17":{"name":"required","decl":{"start":{"line":230,"column":16},"end":{"line":230,"column":24}},"loc":{"start":{"line":230,"column":35},"end":{"line":235,"column":1}}},"18":{"name":"matchPattern","decl":{"start":{"line":243,"column":16},"end":{"line":243,"column":28}},"loc":{"start":{"line":243,"column":56},"end":{"line":246,"column":1}}}},"branchMap":{"0":{"loc":{"start":{"line":11,"column":2},"end":{"line":11,"column":null}},"type":"if","locations":[{"start":{"line":11,"column":2},"end":{"line":11,"column":null}},{"start":{},"end":{}}]},"1":{"loc":{"start":{"line":21,"column":2},"end":{"line":21,"column":null}},"type":"if","locations":[{"start":{"line":21,"column":2},"end":{"line":21,"column":null}},{"start":{},"end":{}}]},"2":{"loc":{"start":{"line":31,"column":2},"end":{"line":31,"column":null}},"type":"if","locations":[{"start":{"line":31,"column":2},"end":{"line":31,"column":null}},{"start":{},"end":{}}]},"3":{"loc":{"start":{"line":41,"column":2},"end":{"line":41,"column":null}},"type":"if","locations":[{"start":{"line":41,"column":2},"end":{"line":41,"column":null}},{"start":{},"end":{}}]},"4":{"loc":{"start":{"line":52,"column":9},"end":{"line":52,"column":57}},"type":"binary-expr","locations":[{"start":{"line":52,"column":9},"end":{"line":52,"column":32}},{"start":{"line":52,"column":36},"end":{"line":52,"column":57}}]},"5":{"loc":{"start":{"line":70,"column":2},"end":{"line":72,"column":3}},"type":"if","locations":[{"start":{"line":70,"column":2},"end":{"line":72,"column":3}},{"start":{},"end":{}}]},"6":{"loc":{"start":{"line":74,"column":2},"end":{"line":76,"column":3}},"type":"if","locations":[{"start":{"line":74,"column":2},"end":{"line":76,"column":3}},{"start":{},"end":{}}]},"7":{"loc":{"start":{"line":78,"column":2},"end":{"line":80,"column":3}},"type":"if","locations":[{"start":{"line":78,"column":2},"end":{"line":80,"column":3}},{"start":{},"end":{}}]},"8":{"loc":{"start":{"line":85,"column":2},"end":{"line":87,"column":3}},"type":"if","locations":[{"start":{"line":85,"column":2},"end":{"line":87,"column":3}},{"start":{},"end":{}}]},"9":{"loc":{"start":{"line":85,"column":6},"end":{"line":85,"column":30}},"type":"binary-expr","locations":[{"start":{"line":85,"column":6},"end":{"line":85,"column":16}},{"start":{"line":85,"column":20},"end":{"line":85,"column":30}}]},"10":{"loc":{"start":{"line":98,"column":2},"end":{"line":100,"column":3}},"type":"if","locations":[{"start":{"line":98,"column":2},"end":{"line":100,"column":3}},{"start":{},"end":{}}]},"11":{"loc":{"start":{"line":102,"column":2},"end":{"line":104,"column":3}},"type":"if","locations":[{"start":{"line":102,"column":2},"end":{"line":104,"column":3}},{"start":{},"end":{}}]},"12":{"loc":{"start":{"line":106,"column":2},"end":{"line":108,"column":3}},"type":"if","locations":[{"start":{"line":106,"column":2},"end":{"line":108,"column":3}},{"start":{},"end":{}}]},"13":{"loc":{"start":{"line":110,"column":2},"end":{"line":112,"column":3}},"type":"if","locations":[{"start":{"line":110,"column":2},"end":{"line":112,"column":3}},{"start":{},"end":{}}]},"14":{"loc":{"start":{"line":123,"column":2},"end":{"line":123,"column":null}},"type":"if","locations":[{"start":{"line":123,"column":2},"end":{"line":123,"column":null}},{"start":{},"end":{}}]},"15":{"loc":{"start":{"line":126,"column":2},"end":{"line":126,"column":null}},"type":"if","locations":[{"start":{"line":126,"column":2},"end":{"line":126,"column":null}},{"start":{},"end":{}}]},"16":{"loc":{"start":{"line":133,"column":4},"end":{"line":136,"column":5}},"type":"if","locations":[{"start":{"line":133,"column":4},"end":{"line":136,"column":5}},{"start":{},"end":{}}]},"17":{"loc":{"start":{"line":135,"column":6},"end":{"line":135,"column":null}},"type":"if","locations":[{"start":{"line":135,"column":6},"end":{"line":135,"column":null}},{"start":{},"end":{}}]},"18":{"loc":{"start":{"line":149,"column":2},"end":{"line":149,"column":null}},"type":"if","locations":[{"start":{"line":149,"column":2},"end":{"line":149,"column":null}},{"start":{},"end":{}}]},"19":{"loc":{"start":{"line":168,"column":2},"end":{"line":168,"column":null}},"type":"if","locations":[{"start":{"line":168,"column":2},"end":{"line":168,"column":null}},{"start":{},"end":{}}]},"20":{"loc":{"start":{"line":178,"column":2},"end":{"line":178,"column":null}},"type":"if","locations":[{"start":{"line":178,"column":2},"end":{"line":178,"column":null}},{"start":{},"end":{}}]},"21":{"loc":{"start":{"line":188,"column":2},"end":{"line":188,"column":null}},"type":"if","locations":[{"start":{"line":188,"column":2},"end":{"line":188,"column":null}},{"start":{},"end":{}}]},"22":{"loc":{"start":{"line":198,"column":2},"end":{"line":198,"column":null}},"type":"if","locations":[{"start":{"line":198,"column":2},"end":{"line":198,"column":null}},{"start":{},"end":{}}]},"23":{"loc":{"start":{"line":200,"column":9},"end":{"line":200,"column":31}},"type":"binary-expr","locations":[{"start":{"line":200,"column":9},"end":{"line":200,"column":20}},{"start":{"line":200,"column":24},"end":{"line":200,"column":31}}]},"24":{"loc":{"start":{"line":210,"column":2},"end":{"line":210,"column":null}},"type":"if","locations":[{"start":{"line":210,"column":2},"end":{"line":210,"column":null}},{"start":{},"end":{}}]},"25":{"loc":{"start":{"line":210,"column":6},"end":{"line":210,"column":43}},"type":"binary-expr","locations":[{"start":{"line":210,"column":6},"end":{"line":210,"column":20}},{"start":{"line":210,"column":24},"end":{"line":210,"column":43}}]},"26":{"loc":{"start":{"line":221,"column":2},"end":{"line":221,"column":null}},"type":"if","locations":[{"start":{"line":221,"column":2},"end":{"line":221,"column":null}},{"start":{},"end":{}}]},"27":{"loc":{"start":{"line":221,"column":6},"end":{"line":221,"column":43}},"type":"binary-expr","locations":[{"start":{"line":221,"column":6},"end":{"line":221,"column":20}},{"start":{"line":221,"column":24},"end":{"line":221,"column":43}}]},"28":{"loc":{"start":{"line":231,"column":2},"end":{"line":231,"column":null}},"type":"if","locations":[{"start":{"line":231,"column":2},"end":{"line":231,"column":null}},{"start":{},"end":{}}]},"29":{"loc":{"start":{"line":231,"column":6},"end":{"line":231,"column":43}},"type":"binary-expr","locations":[{"start":{"line":231,"column":6},"end":{"line":231,"column":20}},{"start":{"line":231,"column":24},"end":{"line":231,"column":43}}]},"30":{"loc":{"start":{"line":232,"column":2},"end":{"line":232,"column":null}},"type":"if","locations":[{"start":{"line":232,"column":2},"end":{"line":232,"column":null}},{"start":{},"end":{}}]},"31":{"loc":{"start":{"line":233,"column":2},"end":{"line":233,"column":null}},"type":"if","locations":[{"start":{"line":233,"column":2},"end":{"line":233,"column":null}},{"start":{},"end":{}}]},"32":{"loc":{"start":{"line":244,"column":2},"end":{"line":244,"column":null}},"type":"if","locations":[{"start":{"line":244,"column":2},"end":{"line":244,"column":null}},{"start":{},"end":{}}]}},"s":{"0":1,"1":1,"2":1,"3":1,"4":1,"5":1,"6":1,"7":1,"8":1,"9":1,"10":1,"11":1,"12":1,"13":1,"14":1,"15":1,"16":1,"17":1,"18":1,"19":5,"20":1,"21":4,"22":5,"23":0,"24":5,"25":3,"26":1,"27":2,"28":4,"29":1,"30":3,"31":3,"32":3,"33":3,"34":3,"35":0,"36":3,"37":1,"38":2,"39":0,"40":2,"41":2,"42":2,"43":1,"44":1,"45":2,"46":0,"47":2,"48":1,"49":1,"50":0,"51":1,"52":0,"53":1,"54":2,"55":0,"56":2,"57":2,"58":1,"59":1,"60":1,"61":1,"62":1,"63":19,"64":19,"65":9,"66":9,"67":2,"68":19,"69":1,"70":3,"71":0,"72":3,"73":3,"74":3,"75":1,"76":2,"77":5,"78":0,"79":5,"80":5,"81":1,"82":4,"83":5,"84":2,"85":3,"86":3,"87":5,"88":2,"89":3,"90":3,"91":0,"92":3,"93":8,"94":2,"95":6,"96":3,"97":3,"98":2,"99":1,"100":3,"101":1,"102":2},"f":{"0":5,"1":5,"2":3,"3":4,"4":3,"5":3,"6":3,"7":2,"8":2,"9":3,"10":3,"11":3,"12":5,"13":5,"14":5,"15":5,"16":3,"17":8,"18":3},"b":{"0":[1,4],"1":[0,5],"2":[1,2],"3":[1,3],"4":[3,1],"5":[0,3],"6":[1,2],"7":[0,2],"8":[1,1],"9":[2,2],"10":[0,2],"11":[1,1],"12":[0,1],"13":[0,1],"14":[0,2],"15":[1,1],"16":[9,10],"17":[2,7],"18":[0,3],"19":[1,2],"20":[0,5],"21":[1,4],"22":[2,3],"23":[3,3],"24":[2,3],"25":[5,4],"26":[0,3],"27":[3,3],"28":[2,6],"29":[8,7],"30":[3,3],"31":[2,1],"32":[1,2]}}
}
