TN:
SF:src/array/index.ts
FN:10,unique
FN:21,uniqueBy
FN:25,(anonymous_2)
FN:41,groupBy
FN:45,(anonymous_4)
FN:64,flatten
FN:69,(anonymous_6)
FN:79,shuffle
FN:95,max
FN:105,min
FN:115,sum
FN:117,(anonymous_11)
FN:125,average
FN:135,intersection
FN:140,(anonymous_14)
FN:141,(anonymous_15)
FN:150,union
FN:161,difference
FN:165,(anonymous_18)
FN:174,chunk
FN:191,paginate
FNF:21
FNH:21
FNDA:5,unique
FNDA:1,uniqueBy
FNDA:3,(anonymous_2)
FNDA:1,groupBy
FNDA:3,(anonymous_4)
FNDA:6,flatten
FNDA:7,(anonymous_6)
FNDA:1,shuffle
FNDA:2,max
FNDA:1,min
FNDA:3,sum
FNDA:10,(anonymous_11)
FNDA:2,average
FNDA:1,intersection
FNDA:3,(anonymous_14)
FNDA:3,(anonymous_15)
FNDA:1,union
FNDA:1,difference
FNDA:3,(anonymous_18)
FNDA:1,chunk
FNDA:1,paginate
DA:10,1
DA:11,5
DA:12,4
DA:21,1
DA:22,1
DA:24,1
DA:25,1
DA:26,3
DA:27,3
DA:28,1
DA:30,2
DA:31,2
DA:41,1
DA:42,1
DA:44,1
DA:45,1
DA:46,3
DA:47,3
DA:48,3
DA:49,2
DA:51,1
DA:55,1
DA:64,1
DA:65,6
DA:67,6
DA:69,3
DA:70,7
DA:79,1
DA:80,1
DA:82,1
DA:83,1
DA:84,4
DA:85,4
DA:87,1
DA:95,1
DA:96,2
DA:97,1
DA:105,1
DA:106,1
DA:107,1
DA:115,1
DA:116,3
DA:117,10
DA:125,1
DA:126,2
DA:127,1
DA:135,1
DA:136,1
DA:137,1
DA:139,1
DA:140,1
DA:141,3
DA:150,1
DA:151,1
DA:152,1
DA:161,1
DA:162,1
DA:164,1
DA:165,3
DA:174,1
DA:175,1
DA:177,1
DA:178,1
DA:179,3
DA:181,1
DA:191,1
DA:198,1
DA:199,0
DA:202,1
DA:203,1
DA:204,1
DA:205,1
DA:206,1
DA:208,1
LF:74
LH:73
BRDA:11,0,0,1
BRDA:11,0,1,4
BRDA:22,1,0,0
BRDA:22,1,1,1
BRDA:27,2,0,1
BRDA:27,2,1,2
BRDA:42,3,0,0
BRDA:42,3,1,1
BRDA:48,4,0,2
BRDA:48,4,1,1
BRDA:64,5,0,1
BRDA:65,6,0,0
BRDA:65,6,1,6
BRDA:67,7,0,3
BRDA:67,7,1,3
BRDA:70,8,0,4
BRDA:70,8,1,3
BRDA:80,9,0,0
BRDA:80,9,1,1
BRDA:96,10,0,1
BRDA:96,10,1,1
BRDA:96,11,0,2
BRDA:96,11,1,2
BRDA:106,12,0,0
BRDA:106,12,1,1
BRDA:106,13,0,1
BRDA:106,13,1,1
BRDA:116,14,0,1
BRDA:116,14,1,2
BRDA:116,15,0,3
BRDA:116,15,1,3
BRDA:126,16,0,1
BRDA:126,16,1,1
BRDA:126,17,0,2
BRDA:126,17,1,2
BRDA:136,18,0,0
BRDA:136,18,1,1
BRDA:137,19,0,0
BRDA:137,19,1,1
BRDA:151,20,0,0
BRDA:151,20,1,1
BRDA:162,21,0,0
BRDA:162,21,1,1
BRDA:175,22,0,0
BRDA:175,22,1,1
BRDA:175,23,0,1
BRDA:175,23,1,1
BRDA:198,24,0,0
BRDA:198,24,1,1
BRF:49
BRH:38
end_of_record
TN:
SF:src/device/index.ts
FN:9,isMobile
FN:18,isIOS
FN:27,isAndroid
FN:36,isWechat
FN:45,isWorkWechat
FN:54,isAlipay
FN:63,isIE
FN:74,isEdge
FN:83,isChrome
FN:94,getBrowserInfo
FN:136,getOS
FN:164,isTouchDevice
FNF:12
FNH:12
FNDA:3,isMobile
FNDA:2,isIOS
FNDA:1,isAndroid
FNDA:1,isWechat
FNDA:1,isWorkWechat
FNDA:1,isAlipay
FNDA:1,isIE
FNDA:1,isEdge
FNDA:1,isChrome
FNDA:1,getBrowserInfo
FNDA:2,getOS
FNDA:1,isTouchDevice
DA:9,1
DA:10,3
DA:11,3
DA:18,1
DA:19,2
DA:20,2
DA:27,1
DA:28,1
DA:29,1
DA:36,1
DA:37,1
DA:38,1
DA:45,1
DA:46,1
DA:47,1
DA:54,1
DA:55,1
DA:56,1
DA:63,1
DA:64,1
DA:65,1
DA:74,1
DA:75,1
DA:76,1
DA:83,1
DA:84,1
DA:85,1
DA:94,1
DA:95,1
DA:96,0
DA:99,1
DA:101,1
DA:102,0
DA:105,1
DA:106,0
DA:109,1
DA:110,0
DA:113,1
DA:114,0
DA:117,1
DA:118,1
DA:121,0
DA:122,0
DA:125,0
DA:126,0
DA:129,0
DA:136,1
DA:137,2
DA:139,2
DA:141,2
DA:142,1
DA:145,1
DA:146,1
DA:147,0
DA:148,0
DA:149,0
DA:150,0
DA:151,0
DA:152,0
DA:153,0
DA:154,0
DA:156,0
DA:164,1
DA:165,1
DA:166,1
LF:65
LH:46
BRDA:10,0,0,0
BRDA:10,0,1,3
BRDA:19,1,0,0
BRDA:19,1,1,2
BRDA:20,2,0,2
BRDA:20,2,1,2
BRDA:28,3,0,0
BRDA:28,3,1,1
BRDA:37,4,0,0
BRDA:37,4,1,1
BRDA:46,5,0,0
BRDA:46,5,1,1
BRDA:55,6,0,0
BRDA:55,6,1,1
BRDA:64,7,0,0
BRDA:64,7,1,1
BRDA:65,8,0,1
BRDA:65,8,1,1
BRDA:65,8,2,0
BRDA:75,9,0,0
BRDA:75,9,1,1
BRDA:84,10,0,0
BRDA:84,10,1,1
BRDA:85,11,0,1
BRDA:85,11,1,1
BRDA:85,11,2,1
BRDA:95,12,0,0
BRDA:95,12,1,1
BRDA:101,13,0,0
BRDA:101,13,1,1
BRDA:105,14,0,0
BRDA:105,14,1,1
BRDA:109,15,0,0
BRDA:109,15,1,1
BRDA:113,16,0,0
BRDA:113,16,1,1
BRDA:117,17,0,1
BRDA:117,17,1,0
BRDA:121,18,0,0
BRDA:121,18,1,0
BRDA:125,19,0,0
BRDA:125,19,1,0
BRDA:137,20,0,0
BRDA:137,20,1,2
BRDA:141,21,0,1
BRDA:141,21,1,1
BRDA:141,22,0,2
BRDA:141,22,1,2
BRDA:145,23,0,1
BRDA:145,23,1,0
BRDA:147,24,0,0
BRDA:147,24,1,0
BRDA:149,25,0,0
BRDA:149,25,1,0
BRDA:151,26,0,0
BRDA:151,26,1,0
BRDA:153,27,0,0
BRDA:153,27,1,0
BRDA:165,28,0,0
BRDA:165,28,1,1
BRDA:166,29,0,1
BRDA:166,29,1,0
BRDA:166,29,2,0
BRF:63
BRH:30
end_of_record
TN:
SF:src/dom/index.ts
FN:10,addClass
FN:32,removeClass
FN:56,hasClass
FN:75,toggleClass
FN:89,getScrollTop
FN:100,getScrollLeft
FN:112,getElementTop
FN:129,getElementLeft
FN:147,isInViewport
FN:162,scrollToElement
FN:200,createElement
FN:208,(anonymous_11)
FN:230,removeElement
FNF:13
FNH:13
FNDA:3,addClass
FNDA:2,removeClass
FNDA:6,hasClass
FNDA:2,toggleClass
FNDA:1,getScrollTop
FNDA:1,getScrollLeft
FNDA:1,getElementTop
FNDA:1,getElementLeft
FNDA:1,isInViewport
FNDA:1,scrollToElement
FNDA:1,createElement
FNDA:2,(anonymous_11)
FNDA:1,removeElement
DA:10,1
DA:11,3
DA:13,3
DA:15,3
DA:16,4
DA:17,4
DA:19,4
DA:20,4
DA:21,0
DA:22,0
DA:32,1
DA:33,2
DA:35,2
DA:37,2
DA:38,2
DA:39,2
DA:41,2
DA:42,2
DA:43,0
DA:44,0
DA:45,0
DA:56,1
DA:57,6
DA:59,6
DA:60,0
DA:63,6
DA:64,6
DA:66,0
DA:75,1
DA:76,2
DA:78,2
DA:79,1
DA:81,1
DA:89,1
DA:90,1
DA:91,1
DA:100,1
DA:101,1
DA:102,1
DA:112,1
DA:113,1
DA:114,1
DA:116,1
DA:117,0
DA:118,0
DA:121,1
DA:129,1
DA:130,1
DA:131,1
DA:133,1
DA:134,0
DA:135,0
DA:138,1
DA:147,1
DA:148,1
DA:149,1
DA:162,1
DA:171,1
DA:173,1
DA:174,0
DA:175,0
DA:181,1
DA:183,1
DA:184,1
DA:185,1
DA:187,1
DA:200,1
DA:205,1
DA:208,1
DA:209,2
DA:210,1
DA:211,1
DA:212,0
DA:214,1
DA:219,1
DA:220,1
DA:223,1
DA:230,1
DA:231,1
DA:232,1
LF:80
LH:66
BRDA:11,0,0,0
BRDA:11,0,1,3
BRDA:17,1,0,0
BRDA:17,1,1,4
BRDA:19,2,0,4
BRDA:19,2,1,0
BRDA:21,3,0,0
BRDA:21,3,1,0
BRDA:33,4,0,0
BRDA:33,4,1,2
BRDA:33,5,0,2
BRDA:33,5,1,2
BRDA:39,6,0,0
BRDA:39,6,1,2
BRDA:41,7,0,2
BRDA:41,7,1,0
BRDA:43,8,0,0
BRDA:43,8,1,0
BRDA:57,9,0,0
BRDA:57,9,1,6
BRDA:57,10,0,6
BRDA:57,10,1,6
BRDA:59,11,0,0
BRDA:59,11,1,6
BRDA:63,12,0,6
BRDA:63,12,1,0
BRDA:76,13,0,0
BRDA:76,13,1,2
BRDA:76,14,0,2
BRDA:76,14,1,2
BRDA:78,15,0,1
BRDA:78,15,1,1
BRDA:90,16,0,0
BRDA:90,16,1,1
BRDA:91,17,0,1
BRDA:91,17,1,1
BRDA:91,17,2,1
BRDA:91,17,3,1
BRDA:101,18,0,0
BRDA:101,18,1,1
BRDA:102,19,0,1
BRDA:102,19,1,1
BRDA:102,19,2,1
BRDA:102,19,3,1
BRDA:147,20,0,1
BRDA:150,21,0,1
BRDA:150,21,1,1
BRDA:150,21,2,1
BRDA:150,21,3,1
BRDA:152,22,0,1
BRDA:152,22,1,0
BRDA:153,23,0,1
BRDA:153,23,1,0
BRDA:164,24,0,1
BRDA:171,25,0,0
BRDA:171,25,1,1
BRDA:173,26,0,0
BRDA:173,26,1,1
BRDA:179,27,0,1
BRDA:180,28,0,1
BRDA:184,29,0,1
BRDA:184,29,1,1
BRDA:202,30,0,0
BRDA:203,31,0,0
BRDA:209,32,0,1
BRDA:209,32,1,1
BRDA:211,33,0,0
BRDA:211,33,1,1
BRDA:219,34,0,1
BRDA:219,34,1,0
BRDA:231,35,0,1
BRDA:231,35,1,0
BRDA:231,36,0,1
BRDA:231,36,1,1
BRF:74
BRH:49
end_of_record
TN:
SF:src/event/index.ts
FN:14,(anonymous_0)
FN:23,(anonymous_1)
FN:30,(anonymous_2)
FN:38,(anonymous_3)
FN:40,(anonymous_4)
FN:49,(anonymous_5)
FN:68,(anonymous_6)
FN:69,(anonymous_7)
FN:79,(anonymous_8)
FN:86,(anonymous_9)
FN:100,createEventBus
FN:115,dispatchCustomEvent
FN:136,delegate
FN:142,(anonymous_13)
FN:152,(anonymous_14)
FN:164,waitForEvent
FN:169,(anonymous_16)
FN:170,(anonymous_17)
FN:180,(anonymous_18)
FNF:19
FNH:19
FNDA:10,(anonymous_0)
FNDA:13,(anonymous_1)
FNDA:1,(anonymous_2)
FNDA:10,(anonymous_3)
FNDA:6,(anonymous_4)
FNDA:3,(anonymous_5)
FNDA:1,(anonymous_6)
FNDA:1,(anonymous_7)
FNDA:2,(anonymous_8)
FNDA:2,(anonymous_9)
FNDA:2,createEventBus
FNDA:1,dispatchCustomEvent
FNDA:2,delegate
FNDA:1,(anonymous_13)
FNDA:2,(anonymous_14)
FNDA:2,waitForEvent
FNDA:2,(anonymous_16)
FNDA:1,(anonymous_17)
FNDA:1,(anonymous_18)
DA:14,1
DA:15,10
DA:24,13
DA:25,11
DA:27,13
DA:30,13
DA:39,10
DA:40,8
DA:50,3
DA:52,3
DA:53,3
DA:54,3
DA:55,3
DA:59,0
DA:69,1
DA:70,1
DA:71,1
DA:73,1
DA:80,2
DA:87,2
DA:100,1
DA:101,2
DA:107,1
DA:115,1
DA:120,1
DA:125,1
DA:136,1
DA:142,2
DA:143,1
DA:144,1
DA:145,1
DA:146,1
DA:150,2
DA:152,2
DA:153,2
DA:164,1
DA:169,2
DA:170,2
DA:171,1
DA:172,1
DA:173,1
DA:176,2
DA:179,2
DA:180,1
DA:181,1
DA:182,1
LF:46
LH:45
BRDA:24,0,0,11
BRDA:24,0,1,2
BRDA:39,1,0,8
BRDA:39,1,1,2
BRDA:50,2,0,0
BRDA:50,2,1,3
BRDA:52,3,0,3
BRDA:52,3,1,0
BRDA:54,4,0,3
BRDA:54,4,1,0
BRDA:87,5,0,2
BRDA:87,5,1,1
BRDA:87,6,0,1
BRDA:87,6,1,1
BRDA:87,7,0,2
BRDA:87,7,1,2
BRDA:145,8,0,1
BRDA:145,8,1,0
BRDA:145,9,0,1
BRDA:145,9,1,1
BRDA:172,10,0,0
BRDA:172,10,1,1
BRDA:179,11,0,1
BRDA:179,11,1,1
BRF:24
BRH:19
end_of_record
TN:
SF:src/format/index.ts
FN:11,formatPhone
FN:25,formatCurrency
FN:45,formatDate
FN:74,formatFileSize
FN:93,formatBankCard
FN:105,formatIdCard
FN:124,formatPercent
FN:141,formatNumber
FNF:8
FNH:8
FNDA:6,formatPhone
FNDA:11,formatCurrency
FNDA:8,formatDate
FNDA:8,formatFileSize
FNDA:4,formatBankCard
FNDA:4,formatIdCard
FNDA:9,formatPercent
FNDA:11,formatNumber
DA:11,1
DA:12,6
DA:13,4
DA:14,4
DA:25,1
DA:30,11
DA:32,9
DA:33,9
DA:35,8
DA:45,1
DA:46,8
DA:48,7
DA:49,7
DA:51,6
DA:52,6
DA:53,6
DA:54,6
DA:55,6
DA:56,6
DA:58,6
DA:74,1
DA:75,8
DA:77,7
DA:78,7
DA:79,7
DA:81,7
DA:83,7
DA:84,7
DA:93,1
DA:94,4
DA:95,3
DA:96,3
DA:105,1
DA:106,4
DA:107,3
DA:108,1
DA:110,2
DA:111,1
DA:113,1
DA:124,1
DA:129,9
DA:130,7
DA:131,7
DA:141,1
DA:142,11
DA:144,9
DA:145,9
DA:147,8
DA:148,8
LF:49
LH:49
BRDA:12,0,0,2
BRDA:12,0,1,4
BRDA:27,1,0,7
BRDA:28,2,0,9
BRDA:30,3,0,2
BRDA:30,3,1,9
BRDA:30,4,0,11
BRDA:30,4,1,10
BRDA:33,5,0,1
BRDA:33,5,1,8
BRDA:45,6,0,4
BRDA:46,7,0,1
BRDA:46,7,1,7
BRDA:49,8,0,1
BRDA:49,8,1,6
BRDA:74,9,0,6
BRDA:75,10,0,1
BRDA:75,10,1,7
BRDA:78,11,0,0
BRDA:78,11,1,7
BRDA:94,12,0,1
BRDA:94,12,1,3
BRDA:106,13,0,1
BRDA:106,13,1,3
BRDA:107,14,0,1
BRDA:107,14,1,2
BRDA:110,15,0,1
BRDA:110,15,1,1
BRDA:126,16,0,5
BRDA:127,17,0,7
BRDA:129,18,0,2
BRDA:129,18,1,7
BRDA:129,19,0,9
BRDA:129,19,1,8
BRDA:130,20,0,5
BRDA:130,20,1,2
BRDA:142,21,0,2
BRDA:142,21,1,9
BRDA:142,22,0,11
BRDA:142,22,1,10
BRDA:145,23,0,1
BRDA:145,23,1,8
BRDA:147,24,0,2
BRDA:147,24,1,6
BRF:44
BRH:43
end_of_record
TN:
SF:src/http/index.ts
FN:24,(anonymous_7)
FN:40,(anonymous_8)
FN:46,(anonymous_9)
FN:47,(anonymous_10)
FN:56,(anonymous_11)
FN:80,(anonymous_12)
FN:105,(anonymous_14)
FN:115,(anonymous_15)
FN:144,(anonymous_17)
FN:151,(anonymous_18)
FN:151,(anonymous_19)
FN:173,(anonymous_20)
FN:199,(anonymous_21)
FN:210,(anonymous_22)
FN:221,(anonymous_23)
FN:232,(anonymous_24)
FN:242,(anonymous_25)
FN:256,createHttpClient
FNF:18
FNH:16
FNDA:12,(anonymous_7)
FNDA:9,(anonymous_8)
FNDA:8,(anonymous_9)
FNDA:8,(anonymous_10)
FNDA:9,(anonymous_11)
FNDA:8,(anonymous_12)
FNDA:9,(anonymous_14)
FNDA:1,(anonymous_15)
FNDA:1,(anonymous_17)
FNDA:9,(anonymous_18)
FNDA:9,(anonymous_19)
FNDA:0,(anonymous_20)
FNDA:6,(anonymous_21)
FNDA:1,(anonymous_22)
FNDA:1,(anonymous_23)
FNDA:1,(anonymous_24)
FNDA:0,(anonymous_25)
FNDA:1,createHttpClient
DA:21,1
DA:25,12
DA:41,9
DA:43,9
DA:45,6
DA:46,8
DA:47,8
DA:50,6
DA:58,9
DA:59,9
DA:60,0
DA:67,9
DA:68,5
DA:70,9
DA:71,6
DA:74,9
DA:81,8
DA:82,1
DA:83,1
DA:86,7
DA:87,7
DA:88,7
DA:91,7
DA:92,1
DA:93,1
DA:96,6
DA:99,0
DA:106,9
DA:107,9
DA:109,0
DA:116,1
DA:118,1
DA:121,0
DA:122,0
DA:124,0
DA:126,0
DA:128,0
DA:129,0
DA:131,1
DA:132,1
DA:134,0
DA:135,0
DA:137,0
DA:145,1
DA:151,9
DA:153,9
DA:156,9
DA:159,9
DA:171,9
DA:172,9
DA:173,9
DA:175,9
DA:176,9
DA:181,8
DA:184,8
DA:186,3
DA:188,3
DA:189,0
DA:192,3
DA:200,6
DA:211,1
DA:222,1
DA:233,1
DA:243,0
DA:256,1
DA:257,1
DA:263,1
LF:67
LH:53
BRDA:24,0,0,1
BRDA:26,1,0,12
BRDA:26,1,1,1
BRDA:27,2,0,12
BRDA:27,2,1,2
BRDA:32,3,0,12
BRDA:32,3,1,12
BRDA:33,4,0,12
BRDA:33,4,1,12
BRDA:41,5,0,0
BRDA:41,5,1,9
BRDA:43,6,0,3
BRDA:43,6,1,6
BRDA:46,7,0,8
BRDA:46,7,1,8
BRDA:50,8,0,6
BRDA:50,8,1,0
BRDA:59,9,0,0
BRDA:59,9,1,9
BRDA:67,10,0,5
BRDA:67,10,1,4
BRDA:67,11,0,9
BRDA:67,11,1,6
BRDA:70,12,0,6
BRDA:70,12,1,3
BRDA:81,13,0,1
BRDA:81,13,1,7
BRDA:87,14,0,7
BRDA:87,14,1,0
BRDA:87,15,0,0
BRDA:87,15,1,7
BRDA:87,16,0,7
BRDA:87,16,1,7
BRDA:91,17,0,1
BRDA:91,17,1,6
BRDA:91,18,0,7
BRDA:91,18,1,7
BRDA:93,19,0,1
BRDA:93,19,1,0
BRDA:106,20,0,9
BRDA:106,20,1,0
BRDA:106,21,0,9
BRDA:106,21,1,9
BRDA:118,22,0,0
BRDA:118,22,1,0
BRDA:118,22,2,1
BRDA:118,22,3,0
BRDA:118,22,4,0
BRDA:121,23,0,0
BRDA:121,23,1,0
BRDA:121,24,0,0
BRDA:121,24,1,0
BRDA:151,25,0,0
BRDA:160,26,0,9
BRDA:160,26,1,0
BRDA:171,27,0,9
BRDA:171,27,1,9
BRDA:188,28,0,0
BRDA:188,28,1,3
BRF:59
BRH:41
end_of_record
TN:
SF:src/url/index.ts
FN:10,parseUrlParams
FN:21,(anonymous_1)
FN:39,removeUrlParams
FN:46,(anonymous_3)
FN:85,buildUrlParams
FN:91,(anonymous_5)
FN:106,buildFullUrl
FN:121,isExternal
FN:131,getQueryParam
FNF:9
FNH:9
FNDA:2,parseUrlParams
FNDA:2,(anonymous_1)
FNDA:1,removeUrlParams
FNDA:1,(anonymous_3)
FNDA:4,buildUrlParams
FNDA:7,(anonymous_5)
FNDA:2,buildFullUrl
FNDA:5,isExternal
FNDA:3,getQueryParam
DA:10,1
DA:11,2
DA:12,2
DA:14,2
DA:15,1
DA:18,1
DA:19,1
DA:21,1
DA:22,2
DA:23,2
DA:24,2
DA:25,2
DA:26,2
DA:30,1
DA:39,1
DA:40,1
DA:41,0
DA:44,1
DA:46,1
DA:47,1
DA:48,1
DA:49,1
DA:50,1
DA:51,1
DA:54,1
DA:56,1
DA:57,1
DA:58,1
DA:59,0
DA:61,0
DA:62,0
DA:63,0
DA:66,0
DA:67,0
DA:73,1
DA:74,0
DA:77,1
DA:85,1
DA:86,4
DA:87,0
DA:90,4
DA:91,4
DA:92,7
DA:93,5
DA:97,4
DA:106,1
DA:107,2
DA:109,2
DA:110,2
DA:112,2
DA:113,2
DA:121,1
DA:122,5
DA:131,1
DA:132,3
DA:133,3
DA:135,3
DA:136,2
DA:139,1
LF:59
LH:50
BRDA:11,0,0,2
BRDA:11,0,1,0
BRDA:11,1,0,0
BRDA:11,1,1,0
BRDA:12,2,0,2
BRDA:12,2,1,1
BRDA:14,3,0,1
BRDA:14,3,1,1
BRDA:23,4,0,2
BRDA:23,4,1,0
BRDA:40,5,0,0
BRDA:40,5,1,1
BRDA:40,6,0,1
BRDA:40,6,1,1
BRDA:40,6,2,1
BRDA:48,7,0,1
BRDA:48,7,1,0
BRDA:54,8,0,1
BRDA:54,8,1,0
BRDA:59,9,0,0
BRDA:59,9,1,0
BRDA:73,10,0,0
BRDA:73,10,1,1
BRDA:86,11,0,0
BRDA:86,11,1,4
BRDA:86,12,0,4
BRDA:86,12,1,4
BRDA:92,13,0,5
BRDA:92,13,1,2
BRDA:92,14,0,7
BRDA:92,14,1,6
BRDA:97,15,0,4
BRDA:97,15,1,0
BRDA:107,16,0,0
BRDA:107,16,1,2
BRDA:109,17,0,2
BRDA:109,17,1,0
BRDA:110,18,0,0
BRDA:110,18,1,2
BRDA:112,19,0,1
BRDA:112,19,1,1
BRDA:132,20,0,3
BRDA:132,20,1,0
BRDA:132,21,0,0
BRDA:132,21,1,0
BRDA:135,22,0,2
BRDA:135,22,1,1
BRF:47
BRH:29
end_of_record
TN:
SF:src/validation/index.ts
FN:10,isPhone
FN:20,isEmail
FN:30,isIdCard
FN:40,isURL
FN:51,isString
FN:60,isArray
FN:69,validatePassword
FN:97,validateUsername
FN:122,validateBankCard
FN:148,isChinese
FN:158,isInteger
FN:167,isCreditCode
FN:177,isCaptcha
FN:187,isNumber
FN:197,isPositive
FN:209,minLength
FN:220,maxLength
FN:230,required
FN:243,matchPattern
FNF:19
FNH:19
FNDA:5,isPhone
FNDA:5,isEmail
FNDA:3,isIdCard
FNDA:4,isURL
FNDA:3,isString
FNDA:3,isArray
FNDA:3,validatePassword
FNDA:2,validateUsername
FNDA:2,validateBankCard
FNDA:3,isChinese
FNDA:3,isInteger
FNDA:3,isCreditCode
FNDA:5,isCaptcha
FNDA:5,isNumber
FNDA:5,isPositive
FNDA:5,minLength
FNDA:3,maxLength
FNDA:8,required
FNDA:3,matchPattern
DA:10,1
DA:11,5
DA:12,4
DA:20,1
DA:21,5
DA:22,5
DA:30,1
DA:31,3
DA:32,2
DA:40,1
DA:41,4
DA:42,3
DA:43,3
DA:51,1
DA:52,3
DA:60,1
DA:61,3
DA:69,1
DA:70,3
DA:71,0
DA:74,3
DA:75,1
DA:78,2
DA:79,0
DA:82,2
DA:83,2
DA:85,2
DA:86,1
DA:89,1
DA:97,1
DA:98,2
DA:99,0
DA:102,2
DA:103,1
DA:106,1
DA:107,0
DA:110,1
DA:111,0
DA:114,1
DA:122,1
DA:123,2
DA:125,2
DA:126,2
DA:128,1
DA:129,1
DA:131,1
DA:132,19
DA:133,19
DA:134,9
DA:135,9
DA:137,19
DA:140,1
DA:148,1
DA:149,3
DA:150,3
DA:158,1
DA:159,3
DA:167,1
DA:168,3
DA:169,2
DA:177,1
DA:178,5
DA:179,5
DA:187,1
DA:188,5
DA:189,4
DA:197,1
DA:198,5
DA:199,3
DA:200,3
DA:209,1
DA:210,5
DA:211,3
DA:220,1
DA:221,3
DA:222,3
DA:230,1
DA:231,8
DA:232,6
DA:233,3
DA:234,1
DA:243,1
DA:244,3
DA:245,2
LF:84
LH:79
BRDA:11,0,0,1
BRDA:11,0,1,4
BRDA:21,1,0,0
BRDA:21,1,1,5
BRDA:31,2,0,1
BRDA:31,2,1,2
BRDA:41,3,0,1
BRDA:41,3,1,3
BRDA:52,4,0,3
BRDA:52,4,1,1
BRDA:70,5,0,0
BRDA:70,5,1,3
BRDA:74,6,0,1
BRDA:74,6,1,2
BRDA:78,7,0,0
BRDA:78,7,1,2
BRDA:85,8,0,1
BRDA:85,8,1,1
BRDA:85,9,0,2
BRDA:85,9,1,2
BRDA:98,10,0,0
BRDA:98,10,1,2
BRDA:102,11,0,1
BRDA:102,11,1,1
BRDA:106,12,0,0
BRDA:106,12,1,1
BRDA:110,13,0,0
BRDA:110,13,1,1
BRDA:123,14,0,0
BRDA:123,14,1,2
BRDA:126,15,0,1
BRDA:126,15,1,1
BRDA:133,16,0,9
BRDA:133,16,1,10
BRDA:135,17,0,2
BRDA:135,17,1,7
BRDA:149,18,0,0
BRDA:149,18,1,3
BRDA:168,19,0,1
BRDA:168,19,1,2
BRDA:178,20,0,0
BRDA:178,20,1,5
BRDA:188,21,0,1
BRDA:188,21,1,4
BRDA:198,22,0,2
BRDA:198,22,1,3
BRDA:200,23,0,3
BRDA:200,23,1,3
BRDA:210,24,0,2
BRDA:210,24,1,3
BRDA:210,25,0,5
BRDA:210,25,1,4
BRDA:221,26,0,0
BRDA:221,26,1,3
BRDA:221,27,0,3
BRDA:221,27,1,3
BRDA:231,28,0,2
BRDA:231,28,1,6
BRDA:231,29,0,8
BRDA:231,29,1,7
BRDA:232,30,0,3
BRDA:232,30,1,3
BRDA:233,31,0,2
BRDA:233,31,1,1
BRDA:244,32,0,1
BRDA:244,32,1,2
BRF:66
BRH:56
end_of_record
